[main] INFO org.apache.kafka.streams.StreamsConfig - StreamsConfig values: 
	acceptable.recovery.lag = 10000
	application.id = 09b9a94f-9865-4d45-9dde-1bf3d2c113ae
	application.server = 
	bootstrap.servers = [localhost:9092]
	buffered.records.per.partition = 1000
	built.in.metrics.version = latest
	cache.max.bytes.buffering = 10485760
	client.id = 
	commit.interval.ms = 30000
	connections.max.idle.ms = 540000
	default.deserialization.exception.handler = class org.apache.kafka.streams.errors.LogAndFailExceptionHandler
	default.dsl.store = rocksDB
	default.key.serde = class org.apache.kafka.common.serialization.Serdes$StringSerde
	default.list.key.serde.inner = null
	default.list.key.serde.type = null
	default.list.value.serde.inner = null
	default.list.value.serde.type = null
	default.production.exception.handler = class org.apache.kafka.streams.errors.DefaultProductionExceptionHandler
	default.timestamp.extractor = class org.apache.kafka.streams.processor.FailOnInvalidTimestamp
	default.value.serde = class org.apache.kafka.common.serialization.Serdes$DoubleSerde
	max.task.idle.ms = 0
	max.warmup.replicas = 2
	metadata.max.age.ms = 300000
	metric.reporters = []
	metrics.num.samples = 2
	metrics.recording.level = INFO
	metrics.sample.window.ms = 30000
	num.standby.replicas = 0
	num.stream.threads = 1
	poll.ms = 100
	probing.rebalance.interval.ms = 600000
	processing.guarantee = at_least_once
	rack.aware.assignment.tags = []
	receive.buffer.bytes = 32768
	reconnect.backoff.max.ms = 1000
	reconnect.backoff.ms = 50
	repartition.purge.interval.ms = 30000
	replication.factor = -1
	request.timeout.ms = 40000
	retries = 0
	retry.backoff.ms = 100
	rocksdb.config.setter = null
	security.protocol = PLAINTEXT
	send.buffer.bytes = 131072
	state.cleanup.delay.ms = 600000
	state.dir = /var/folders/3s/wqyxzyms7hd5vhh6kqtkrkw00000gq/T//kafka-streams
	task.timeout.ms = 300000
	topology.optimization = none
	upgrade.from = null
	window.size.ms = null
	windowed.inner.class.serde = null
	windowstore.changelog.additional.retention.ms = 86400000

[main] INFO org.apache.kafka.clients.admin.AdminClientConfig - AdminClientConfig values: 
	bootstrap.servers = [localhost:9092]
	client.dns.lookup = use_all_dns_ips
	client.id = 09b9a94f-9865-4d45-9dde-1bf3d2c113ae-2217194b-1ffb-4521-a301-1a6e140d98c9-admin
	connections.max.idle.ms = 300000
	default.api.timeout.ms = 60000
	metadata.max.age.ms = 300000
	metric.reporters = []
	metrics.num.samples = 2
	metrics.recording.level = INFO
	metrics.sample.window.ms = 30000
	receive.buffer.bytes = 65536
	reconnect.backoff.max.ms = 1000
	reconnect.backoff.ms = 50
	request.timeout.ms = 30000
	retries = 2147483647
	retry.backoff.ms = 100
	sasl.client.callback.handler.class = null
	sasl.jaas.config = null
	sasl.kerberos.kinit.cmd = /usr/bin/kinit
	sasl.kerberos.min.time.before.relogin = 60000
	sasl.kerberos.service.name = null
	sasl.kerberos.ticket.renew.jitter = 0.05
	sasl.kerberos.ticket.renew.window.factor = 0.8
	sasl.login.callback.handler.class = null
	sasl.login.class = null
	sasl.login.connect.timeout.ms = null
	sasl.login.read.timeout.ms = null
	sasl.login.refresh.buffer.seconds = 300
	sasl.login.refresh.min.period.seconds = 60
	sasl.login.refresh.window.factor = 0.8
	sasl.login.refresh.window.jitter = 0.05
	sasl.login.retry.backoff.max.ms = 10000
	sasl.login.retry.backoff.ms = 100
	sasl.mechanism = GSSAPI
	sasl.oauthbearer.clock.skew.seconds = 30
	sasl.oauthbearer.expected.audience = null
	sasl.oauthbearer.expected.issuer = null
	sasl.oauthbearer.jwks.endpoint.refresh.ms = 3600000
	sasl.oauthbearer.jwks.endpoint.retry.backoff.max.ms = 10000
	sasl.oauthbearer.jwks.endpoint.retry.backoff.ms = 100
	sasl.oauthbearer.jwks.endpoint.url = null
	sasl.oauthbearer.scope.claim.name = scope
	sasl.oauthbearer.sub.claim.name = sub
	sasl.oauthbearer.token.endpoint.url = null
	security.protocol = PLAINTEXT
	security.providers = null
	send.buffer.bytes = 131072
	socket.connection.setup.timeout.max.ms = 30000
	socket.connection.setup.timeout.ms = 10000
	ssl.cipher.suites = null
	ssl.enabled.protocols = [TLSv1.2, TLSv1.3]
	ssl.endpoint.identification.algorithm = https
	ssl.engine.factory.class = null
	ssl.key.password = null
	ssl.keymanager.algorithm = SunX509
	ssl.keystore.certificate.chain = null
	ssl.keystore.key = null
	ssl.keystore.location = null
	ssl.keystore.password = null
	ssl.keystore.type = JKS
	ssl.protocol = TLSv1.3
	ssl.provider = null
	ssl.secure.random.implementation = null
	ssl.trustmanager.algorithm = PKIX
	ssl.truststore.certificates = null
	ssl.truststore.location = null
	ssl.truststore.password = null
	ssl.truststore.type = JKS

[main] WARN org.apache.kafka.clients.admin.AdminClientConfig - The configuration 'experiment.resultfile.directory' was supplied but isn't a known config.
[main] WARN org.apache.kafka.clients.admin.AdminClientConfig - The configuration 'experiment.window.slide' was supplied but isn't a known config.
[main] WARN org.apache.kafka.clients.admin.AdminClientConfig - The configuration 'topic.segment.ms' was supplied but isn't a known config.
[main] WARN org.apache.kafka.clients.admin.AdminClientConfig - The configuration 'experiment.constraint.strictness' was supplied but isn't a known config.
[main] WARN org.apache.kafka.clients.admin.AdminClientConfig - The configuration 'topic.segment.bytes' was supplied but isn't a known config.
[main] WARN org.apache.kafka.clients.admin.AdminClientConfig - The configuration 'experiment.resultfile.suffix' was supplied but isn't a known config.
[main] WARN org.apache.kafka.clients.admin.AdminClientConfig - The configuration 'experiment.events.granularity' was supplied but isn't a known config.
[main] WARN org.apache.kafka.clients.admin.AdminClientConfig - The configuration 'experiment.inconsistency.percentage' was supplied but isn't a known config.
[main] WARN org.apache.kafka.clients.admin.AdminClientConfig - The configuration 'experiment.window.size' was supplied but isn't a known config.
[main] WARN org.apache.kafka.clients.admin.AdminClientConfig - The configuration 'experiment.events.max' was supplied but isn't a known config.
[main] INFO org.apache.kafka.common.utils.AppInfoParser - Kafka version: 3.2.2
[main] INFO org.apache.kafka.common.utils.AppInfoParser - Kafka commitId: 38c22ad893fb6cf5
[main] INFO org.apache.kafka.common.utils.AppInfoParser - Kafka startTimeMs: 1684615060007
[main] INFO org.apache.kafka.streams.KafkaStreams - stream-client [09b9a94f-9865-4d45-9dde-1bf3d2c113ae-2217194b-1ffb-4521-a301-1a6e140d98c9] Kafka Streams version: 3.2.2
[main] INFO org.apache.kafka.streams.KafkaStreams - stream-client [09b9a94f-9865-4d45-9dde-1bf3d2c113ae-2217194b-1ffb-4521-a301-1a6e140d98c9] Kafka Streams commit ID: 38c22ad893fb6cf5
[main] INFO org.apache.kafka.streams.processor.internals.StreamThread - stream-thread [09b9a94f-9865-4d45-9dde-1bf3d2c113ae-2217194b-1ffb-4521-a301-1a6e140d98c9-StreamThread-1] Creating restore consumer client
[main] INFO org.apache.kafka.clients.consumer.ConsumerConfig - ConsumerConfig values: 
	allow.auto.create.topics = true
	auto.commit.interval.ms = 5000
	auto.offset.reset = none
	bootstrap.servers = [localhost:9092]
	check.crcs = true
	client.dns.lookup = use_all_dns_ips
	client.id = 09b9a94f-9865-4d45-9dde-1bf3d2c113ae-2217194b-1ffb-4521-a301-1a6e140d98c9-StreamThread-1-restore-consumer
	client.rack = 
	connections.max.idle.ms = 540000
	default.api.timeout.ms = 60000
	enable.auto.commit = false
	exclude.internal.topics = true
	fetch.max.bytes = 52428800
	fetch.max.wait.ms = 500
	fetch.min.bytes = 1
	group.id = null
	group.instance.id = null
	heartbeat.interval.ms = 3000
	interceptor.classes = []
	internal.leave.group.on.close = false
	internal.throw.on.fetch.stable.offset.unsupported = false
	isolation.level = read_uncommitted
	key.deserializer = class org.apache.kafka.common.serialization.ByteArrayDeserializer
	max.partition.fetch.bytes = 1048576
	max.poll.interval.ms = 300000
	max.poll.records = 1000
	metadata.max.age.ms = 300000
	metric.reporters = []
	metrics.num.samples = 2
	metrics.recording.level = INFO
	metrics.sample.window.ms = 30000
	partition.assignment.strategy = [class org.apache.kafka.clients.consumer.RangeAssignor, class org.apache.kafka.clients.consumer.CooperativeStickyAssignor]
	receive.buffer.bytes = 65536
	reconnect.backoff.max.ms = 1000
	reconnect.backoff.ms = 50
	request.timeout.ms = 30000
	retry.backoff.ms = 100
	sasl.client.callback.handler.class = null
	sasl.jaas.config = null
	sasl.kerberos.kinit.cmd = /usr/bin/kinit
	sasl.kerberos.min.time.before.relogin = 60000
	sasl.kerberos.service.name = null
	sasl.kerberos.ticket.renew.jitter = 0.05
	sasl.kerberos.ticket.renew.window.factor = 0.8
	sasl.login.callback.handler.class = null
	sasl.login.class = null
	sasl.login.connect.timeout.ms = null
	sasl.login.read.timeout.ms = null
	sasl.login.refresh.buffer.seconds = 300
	sasl.login.refresh.min.period.seconds = 60
	sasl.login.refresh.window.factor = 0.8
	sasl.login.refresh.window.jitter = 0.05
	sasl.login.retry.backoff.max.ms = 10000
	sasl.login.retry.backoff.ms = 100
	sasl.mechanism = GSSAPI
	sasl.oauthbearer.clock.skew.seconds = 30
	sasl.oauthbearer.expected.audience = null
	sasl.oauthbearer.expected.issuer = null
	sasl.oauthbearer.jwks.endpoint.refresh.ms = 3600000
	sasl.oauthbearer.jwks.endpoint.retry.backoff.max.ms = 10000
	sasl.oauthbearer.jwks.endpoint.retry.backoff.ms = 100
	sasl.oauthbearer.jwks.endpoint.url = null
	sasl.oauthbearer.scope.claim.name = scope
	sasl.oauthbearer.sub.claim.name = sub
	sasl.oauthbearer.token.endpoint.url = null
	security.protocol = PLAINTEXT
	security.providers = null
	send.buffer.bytes = 131072
	session.timeout.ms = 45000
	socket.connection.setup.timeout.max.ms = 30000
	socket.connection.setup.timeout.ms = 10000
	ssl.cipher.suites = null
	ssl.enabled.protocols = [TLSv1.2, TLSv1.3]
	ssl.endpoint.identification.algorithm = https
	ssl.engine.factory.class = null
	ssl.key.password = null
	ssl.keymanager.algorithm = SunX509
	ssl.keystore.certificate.chain = null
	ssl.keystore.key = null
	ssl.keystore.location = null
	ssl.keystore.password = null
	ssl.keystore.type = JKS
	ssl.protocol = TLSv1.3
	ssl.provider = null
	ssl.secure.random.implementation = null
	ssl.trustmanager.algorithm = PKIX
	ssl.truststore.certificates = null
	ssl.truststore.location = null
	ssl.truststore.password = null
	ssl.truststore.type = JKS
	value.deserializer = class org.apache.kafka.common.serialization.ByteArrayDeserializer

[main] WARN org.apache.kafka.clients.consumer.ConsumerConfig - The configuration 'experiment.resultfile.directory' was supplied but isn't a known config.
[main] WARN org.apache.kafka.clients.consumer.ConsumerConfig - The configuration 'experiment.window.slide' was supplied but isn't a known config.
[main] WARN org.apache.kafka.clients.consumer.ConsumerConfig - The configuration 'topic.segment.ms' was supplied but isn't a known config.
[main] WARN org.apache.kafka.clients.consumer.ConsumerConfig - The configuration 'experiment.constraint.strictness' was supplied but isn't a known config.
[main] WARN org.apache.kafka.clients.consumer.ConsumerConfig - The configuration 'topic.segment.bytes' was supplied but isn't a known config.
[main] WARN org.apache.kafka.clients.consumer.ConsumerConfig - The configuration 'experiment.resultfile.suffix' was supplied but isn't a known config.
[main] WARN org.apache.kafka.clients.consumer.ConsumerConfig - The configuration 'experiment.events.granularity' was supplied but isn't a known config.
[main] WARN org.apache.kafka.clients.consumer.ConsumerConfig - The configuration 'experiment.inconsistency.percentage' was supplied but isn't a known config.
[main] WARN org.apache.kafka.clients.consumer.ConsumerConfig - The configuration 'experiment.window.size' was supplied but isn't a known config.
[main] WARN org.apache.kafka.clients.consumer.ConsumerConfig - The configuration 'experiment.events.max' was supplied but isn't a known config.
[main] INFO org.apache.kafka.common.utils.AppInfoParser - Kafka version: 3.2.2
[main] INFO org.apache.kafka.common.utils.AppInfoParser - Kafka commitId: 38c22ad893fb6cf5
[main] INFO org.apache.kafka.common.utils.AppInfoParser - Kafka startTimeMs: 1684615060026
[main] INFO org.apache.kafka.streams.processor.internals.StreamThread - stream-thread [09b9a94f-9865-4d45-9dde-1bf3d2c113ae-2217194b-1ffb-4521-a301-1a6e140d98c9-StreamThread-1] Creating thread producer client
[main] INFO org.apache.kafka.clients.producer.ProducerConfig - ProducerConfig values: 
	acks = -1
	batch.size = 16384
	bootstrap.servers = [localhost:9092]
	buffer.memory = 33554432
	client.dns.lookup = use_all_dns_ips
	client.id = 09b9a94f-9865-4d45-9dde-1bf3d2c113ae-2217194b-1ffb-4521-a301-1a6e140d98c9-StreamThread-1-producer
	compression.type = none
	connections.max.idle.ms = 540000
	delivery.timeout.ms = 120000
	enable.idempotence = true
	interceptor.classes = []
	key.serializer = class org.apache.kafka.common.serialization.ByteArraySerializer
	linger.ms = 100
	max.block.ms = 60000
	max.in.flight.requests.per.connection = 5
	max.request.size = 1048576
	metadata.max.age.ms = 300000
	metadata.max.idle.ms = 300000
	metric.reporters = []
	metrics.num.samples = 2
	metrics.recording.level = INFO
	metrics.sample.window.ms = 30000
	partitioner.class = class org.apache.kafka.clients.producer.internals.DefaultPartitioner
	receive.buffer.bytes = 32768
	reconnect.backoff.max.ms = 1000
	reconnect.backoff.ms = 50
	request.timeout.ms = 30000
	retries = 2147483647
	retry.backoff.ms = 100
	sasl.client.callback.handler.class = null
	sasl.jaas.config = null
	sasl.kerberos.kinit.cmd = /usr/bin/kinit
	sasl.kerberos.min.time.before.relogin = 60000
	sasl.kerberos.service.name = null
	sasl.kerberos.ticket.renew.jitter = 0.05
	sasl.kerberos.ticket.renew.window.factor = 0.8
	sasl.login.callback.handler.class = null
	sasl.login.class = null
	sasl.login.connect.timeout.ms = null
	sasl.login.read.timeout.ms = null
	sasl.login.refresh.buffer.seconds = 300
	sasl.login.refresh.min.period.seconds = 60
	sasl.login.refresh.window.factor = 0.8
	sasl.login.refresh.window.jitter = 0.05
	sasl.login.retry.backoff.max.ms = 10000
	sasl.login.retry.backoff.ms = 100
	sasl.mechanism = GSSAPI
	sasl.oauthbearer.clock.skew.seconds = 30
	sasl.oauthbearer.expected.audience = null
	sasl.oauthbearer.expected.issuer = null
	sasl.oauthbearer.jwks.endpoint.refresh.ms = 3600000
	sasl.oauthbearer.jwks.endpoint.retry.backoff.max.ms = 10000
	sasl.oauthbearer.jwks.endpoint.retry.backoff.ms = 100
	sasl.oauthbearer.jwks.endpoint.url = null
	sasl.oauthbearer.scope.claim.name = scope
	sasl.oauthbearer.sub.claim.name = sub
	sasl.oauthbearer.token.endpoint.url = null
	security.protocol = PLAINTEXT
	security.providers = null
	send.buffer.bytes = 131072
	socket.connection.setup.timeout.max.ms = 30000
	socket.connection.setup.timeout.ms = 10000
	ssl.cipher.suites = null
	ssl.enabled.protocols = [TLSv1.2, TLSv1.3]
	ssl.endpoint.identification.algorithm = https
	ssl.engine.factory.class = null
	ssl.key.password = null
	ssl.keymanager.algorithm = SunX509
	ssl.keystore.certificate.chain = null
	ssl.keystore.key = null
	ssl.keystore.location = null
	ssl.keystore.password = null
	ssl.keystore.type = JKS
	ssl.protocol = TLSv1.3
	ssl.provider = null
	ssl.secure.random.implementation = null
	ssl.trustmanager.algorithm = PKIX
	ssl.truststore.certificates = null
	ssl.truststore.location = null
	ssl.truststore.password = null
	ssl.truststore.type = JKS
	transaction.timeout.ms = 60000
	transactional.id = null
	value.serializer = class org.apache.kafka.common.serialization.ByteArraySerializer

[main] INFO org.apache.kafka.clients.producer.KafkaProducer - [Producer clientId=09b9a94f-9865-4d45-9dde-1bf3d2c113ae-2217194b-1ffb-4521-a301-1a6e140d98c9-StreamThread-1-producer] Instantiated an idempotent producer.
[main] WARN org.apache.kafka.clients.producer.ProducerConfig - The configuration 'experiment.resultfile.directory' was supplied but isn't a known config.
[main] WARN org.apache.kafka.clients.producer.ProducerConfig - The configuration 'experiment.window.slide' was supplied but isn't a known config.
[main] WARN org.apache.kafka.clients.producer.ProducerConfig - The configuration 'topic.segment.ms' was supplied but isn't a known config.
[main] WARN org.apache.kafka.clients.producer.ProducerConfig - The configuration 'experiment.constraint.strictness' was supplied but isn't a known config.
[main] WARN org.apache.kafka.clients.producer.ProducerConfig - The configuration 'topic.segment.bytes' was supplied but isn't a known config.
[main] WARN org.apache.kafka.clients.producer.ProducerConfig - The configuration 'experiment.resultfile.suffix' was supplied but isn't a known config.
[main] WARN org.apache.kafka.clients.producer.ProducerConfig - The configuration 'experiment.events.granularity' was supplied but isn't a known config.
[main] WARN org.apache.kafka.clients.producer.ProducerConfig - The configuration 'experiment.inconsistency.percentage' was supplied but isn't a known config.
[main] WARN org.apache.kafka.clients.producer.ProducerConfig - The configuration 'experiment.window.size' was supplied but isn't a known config.
[main] WARN org.apache.kafka.clients.producer.ProducerConfig - The configuration 'experiment.events.max' was supplied but isn't a known config.
[main] INFO org.apache.kafka.common.utils.AppInfoParser - Kafka version: 3.2.2
[main] INFO org.apache.kafka.common.utils.AppInfoParser - Kafka commitId: 38c22ad893fb6cf5
[main] INFO org.apache.kafka.common.utils.AppInfoParser - Kafka startTimeMs: 1684615060040
[main] INFO org.apache.kafka.streams.processor.internals.StreamThread - stream-thread [09b9a94f-9865-4d45-9dde-1bf3d2c113ae-2217194b-1ffb-4521-a301-1a6e140d98c9-StreamThread-1] Creating consumer client
[main] INFO org.apache.kafka.clients.consumer.ConsumerConfig - ConsumerConfig values: 
	allow.auto.create.topics = false
	auto.commit.interval.ms = 5000
	auto.offset.reset = none
	bootstrap.servers = [localhost:9092]
	check.crcs = true
	client.dns.lookup = use_all_dns_ips
	client.id = 09b9a94f-9865-4d45-9dde-1bf3d2c113ae-2217194b-1ffb-4521-a301-1a6e140d98c9-StreamThread-1-consumer
	client.rack = 
	connections.max.idle.ms = 540000
	default.api.timeout.ms = 60000
	enable.auto.commit = false
	exclude.internal.topics = true
	fetch.max.bytes = 52428800
	fetch.max.wait.ms = 500
	fetch.min.bytes = 1
	group.id = 09b9a94f-9865-4d45-9dde-1bf3d2c113ae
	group.instance.id = null
	heartbeat.interval.ms = 3000
	interceptor.classes = []
	internal.leave.group.on.close = false
	internal.throw.on.fetch.stable.offset.unsupported = false
	isolation.level = read_uncommitted
	key.deserializer = class org.apache.kafka.common.serialization.ByteArrayDeserializer
	max.partition.fetch.bytes = 1048576
	max.poll.interval.ms = 300000
	max.poll.records = 1000
	metadata.max.age.ms = 300000
	metric.reporters = []
	metrics.num.samples = 2
	metrics.recording.level = INFO
	metrics.sample.window.ms = 30000
	partition.assignment.strategy = [org.apache.kafka.streams.processor.internals.StreamsPartitionAssignor]
	receive.buffer.bytes = 65536
	reconnect.backoff.max.ms = 1000
	reconnect.backoff.ms = 50
	request.timeout.ms = 30000
	retry.backoff.ms = 100
	sasl.client.callback.handler.class = null
	sasl.jaas.config = null
	sasl.kerberos.kinit.cmd = /usr/bin/kinit
	sasl.kerberos.min.time.before.relogin = 60000
	sasl.kerberos.service.name = null
	sasl.kerberos.ticket.renew.jitter = 0.05
	sasl.kerberos.ticket.renew.window.factor = 0.8
	sasl.login.callback.handler.class = null
	sasl.login.class = null
	sasl.login.connect.timeout.ms = null
	sasl.login.read.timeout.ms = null
	sasl.login.refresh.buffer.seconds = 300
	sasl.login.refresh.min.period.seconds = 60
	sasl.login.refresh.window.factor = 0.8
	sasl.login.refresh.window.jitter = 0.05
	sasl.login.retry.backoff.max.ms = 10000
	sasl.login.retry.backoff.ms = 100
	sasl.mechanism = GSSAPI
	sasl.oauthbearer.clock.skew.seconds = 30
	sasl.oauthbearer.expected.audience = null
	sasl.oauthbearer.expected.issuer = null
	sasl.oauthbearer.jwks.endpoint.refresh.ms = 3600000
	sasl.oauthbearer.jwks.endpoint.retry.backoff.max.ms = 10000
	sasl.oauthbearer.jwks.endpoint.retry.backoff.ms = 100
	sasl.oauthbearer.jwks.endpoint.url = null
	sasl.oauthbearer.scope.claim.name = scope
	sasl.oauthbearer.sub.claim.name = sub
	sasl.oauthbearer.token.endpoint.url = null
	security.protocol = PLAINTEXT
	security.providers = null
	send.buffer.bytes = 131072
	session.timeout.ms = 45000
	socket.connection.setup.timeout.max.ms = 30000
	socket.connection.setup.timeout.ms = 10000
	ssl.cipher.suites = null
	ssl.enabled.protocols = [TLSv1.2, TLSv1.3]
	ssl.endpoint.identification.algorithm = https
	ssl.engine.factory.class = null
	ssl.key.password = null
	ssl.keymanager.algorithm = SunX509
	ssl.keystore.certificate.chain = null
	ssl.keystore.key = null
	ssl.keystore.location = null
	ssl.keystore.password = null
	ssl.keystore.type = JKS
	ssl.protocol = TLSv1.3
	ssl.provider = null
	ssl.secure.random.implementation = null
	ssl.trustmanager.algorithm = PKIX
	ssl.truststore.certificates = null
	ssl.truststore.location = null
	ssl.truststore.password = null
	ssl.truststore.type = JKS
	value.deserializer = class org.apache.kafka.common.serialization.ByteArrayDeserializer

[main] INFO org.apache.kafka.streams.processor.internals.assignment.AssignorConfiguration - stream-thread [09b9a94f-9865-4d45-9dde-1bf3d2c113ae-2217194b-1ffb-4521-a301-1a6e140d98c9-StreamThread-1-consumer] Cooperative rebalancing protocol is enabled now
[main] WARN org.apache.kafka.clients.consumer.ConsumerConfig - The configuration 'experiment.window.slide' was supplied but isn't a known config.
[main] WARN org.apache.kafka.clients.consumer.ConsumerConfig - The configuration 'topic.segment.bytes' was supplied but isn't a known config.
[main] WARN org.apache.kafka.clients.consumer.ConsumerConfig - The configuration 'experiment.events.granularity' was supplied but isn't a known config.
[main] WARN org.apache.kafka.clients.consumer.ConsumerConfig - The configuration 'experiment.inconsistency.percentage' was supplied but isn't a known config.
[main] WARN org.apache.kafka.clients.consumer.ConsumerConfig - The configuration 'experiment.window.size' was supplied but isn't a known config.
[main] WARN org.apache.kafka.clients.consumer.ConsumerConfig - The configuration 'experiment.events.max' was supplied but isn't a known config.
[main] WARN org.apache.kafka.clients.consumer.ConsumerConfig - The configuration 'experiment.resultfile.directory' was supplied but isn't a known config.
[main] WARN org.apache.kafka.clients.consumer.ConsumerConfig - The configuration 'topic.segment.ms' was supplied but isn't a known config.
[main] WARN org.apache.kafka.clients.consumer.ConsumerConfig - The configuration 'experiment.constraint.strictness' was supplied but isn't a known config.
[main] WARN org.apache.kafka.clients.consumer.ConsumerConfig - The configuration 'experiment.resultfile.suffix' was supplied but isn't a known config.
[main] INFO org.apache.kafka.common.utils.AppInfoParser - Kafka version: 3.2.2
[main] INFO org.apache.kafka.common.utils.AppInfoParser - Kafka commitId: 38c22ad893fb6cf5
[main] INFO org.apache.kafka.common.utils.AppInfoParser - Kafka startTimeMs: 1684615060054
[main] INFO org.apache.kafka.streams.KafkaStreams - stream-client [09b9a94f-9865-4d45-9dde-1bf3d2c113ae-2217194b-1ffb-4521-a301-1a6e140d98c9] State transition from CREATED to REBALANCING
[main] INFO org.apache.kafka.streams.KafkaStreams - stream-client [09b9a94f-9865-4d45-9dde-1bf3d2c113ae-2217194b-1ffb-4521-a301-1a6e140d98c9] Started 1 stream threads
[09b9a94f-9865-4d45-9dde-1bf3d2c113ae-2217194b-1ffb-4521-a301-1a6e140d98c9-StreamThread-1] INFO org.apache.kafka.streams.processor.internals.StreamThread - stream-thread [09b9a94f-9865-4d45-9dde-1bf3d2c113ae-2217194b-1ffb-4521-a301-1a6e140d98c9-StreamThread-1] Starting
[09b9a94f-9865-4d45-9dde-1bf3d2c113ae-2217194b-1ffb-4521-a301-1a6e140d98c9-StreamThread-1] INFO org.apache.kafka.streams.processor.internals.StreamThread - stream-thread [09b9a94f-9865-4d45-9dde-1bf3d2c113ae-2217194b-1ffb-4521-a301-1a6e140d98c9-StreamThread-1] State transition from CREATED to STARTING
[09b9a94f-9865-4d45-9dde-1bf3d2c113ae-2217194b-1ffb-4521-a301-1a6e140d98c9-StreamThread-1] INFO org.apache.kafka.clients.consumer.KafkaConsumer - [Consumer clientId=09b9a94f-9865-4d45-9dde-1bf3d2c113ae-2217194b-1ffb-4521-a301-1a6e140d98c9-StreamThread-1-consumer, groupId=09b9a94f-9865-4d45-9dde-1bf3d2c113ae] Subscribed to topic(s): 09b9a94f-9865-4d45-9dde-1bf3d2c113ae-KSTREAM-KEY-SELECT-0000000014-repartition, 09b9a94f-9865-4d45-9dde-1bf3d2c113ae-reduce-annot-state-store09b9a94f-9865-4d45-9dde-1bf3d2c113ae-repartition, stocks-nrecords-25000000
[09b9a94f-9865-4d45-9dde-1bf3d2c113ae-2217194b-1ffb-4521-a301-1a6e140d98c9-StreamThread-1] WARN org.apache.kafka.clients.NetworkClient - [Consumer clientId=09b9a94f-9865-4d45-9dde-1bf3d2c113ae-2217194b-1ffb-4521-a301-1a6e140d98c9-StreamThread-1-consumer, groupId=09b9a94f-9865-4d45-9dde-1bf3d2c113ae] Error while fetching metadata with correlation id 2 : {09b9a94f-9865-4d45-9dde-1bf3d2c113ae-reduce-annot-state-store09b9a94f-9865-4d45-9dde-1bf3d2c113ae-repartition=UNKNOWN_TOPIC_OR_PARTITION, 09b9a94f-9865-4d45-9dde-1bf3d2c113ae-KSTREAM-KEY-SELECT-0000000014-repartition=UNKNOWN_TOPIC_OR_PARTITION}
[kafka-producer-network-thread | 09b9a94f-9865-4d45-9dde-1bf3d2c113ae-2217194b-1ffb-4521-a301-1a6e140d98c9-StreamThread-1-producer] INFO org.apache.kafka.clients.Metadata - [Producer clientId=09b9a94f-9865-4d45-9dde-1bf3d2c113ae-2217194b-1ffb-4521-a301-1a6e140d98c9-StreamThread-1-producer] Cluster ID: -frP_4XCSb-IYYbbGXRghg
[09b9a94f-9865-4d45-9dde-1bf3d2c113ae-2217194b-1ffb-4521-a301-1a6e140d98c9-StreamThread-1] INFO org.apache.kafka.clients.Metadata - [Consumer clientId=09b9a94f-9865-4d45-9dde-1bf3d2c113ae-2217194b-1ffb-4521-a301-1a6e140d98c9-StreamThread-1-consumer, groupId=09b9a94f-9865-4d45-9dde-1bf3d2c113ae] Resetting the last seen epoch of partition stocks-nrecords-25000000-0 to 0 since the associated topicId changed from null to VevXo5GPRZ2GqgILNzw5vQ
[kafka-producer-network-thread | 09b9a94f-9865-4d45-9dde-1bf3d2c113ae-2217194b-1ffb-4521-a301-1a6e140d98c9-StreamThread-1-producer] INFO org.apache.kafka.clients.producer.internals.TransactionManager - [Producer clientId=09b9a94f-9865-4d45-9dde-1bf3d2c113ae-2217194b-1ffb-4521-a301-1a6e140d98c9-StreamThread-1-producer] ProducerId set to 443 with epoch 0
[09b9a94f-9865-4d45-9dde-1bf3d2c113ae-2217194b-1ffb-4521-a301-1a6e140d98c9-StreamThread-1] INFO org.apache.kafka.clients.Metadata - [Consumer clientId=09b9a94f-9865-4d45-9dde-1bf3d2c113ae-2217194b-1ffb-4521-a301-1a6e140d98c9-StreamThread-1-consumer, groupId=09b9a94f-9865-4d45-9dde-1bf3d2c113ae] Cluster ID: -frP_4XCSb-IYYbbGXRghg
[09b9a94f-9865-4d45-9dde-1bf3d2c113ae-2217194b-1ffb-4521-a301-1a6e140d98c9-StreamThread-1] INFO org.apache.kafka.clients.consumer.internals.ConsumerCoordinator - [Consumer clientId=09b9a94f-9865-4d45-9dde-1bf3d2c113ae-2217194b-1ffb-4521-a301-1a6e140d98c9-StreamThread-1-consumer, groupId=09b9a94f-9865-4d45-9dde-1bf3d2c113ae] Discovered group coordinator 127.0.0.1:9092 (id: 2147483647 rack: null)
[09b9a94f-9865-4d45-9dde-1bf3d2c113ae-2217194b-1ffb-4521-a301-1a6e140d98c9-StreamThread-1] INFO org.apache.kafka.clients.consumer.internals.ConsumerCoordinator - [Consumer clientId=09b9a94f-9865-4d45-9dde-1bf3d2c113ae-2217194b-1ffb-4521-a301-1a6e140d98c9-StreamThread-1-consumer, groupId=09b9a94f-9865-4d45-9dde-1bf3d2c113ae] (Re-)joining group
[09b9a94f-9865-4d45-9dde-1bf3d2c113ae-2217194b-1ffb-4521-a301-1a6e140d98c9-StreamThread-1] INFO org.apache.kafka.clients.consumer.internals.ConsumerCoordinator - [Consumer clientId=09b9a94f-9865-4d45-9dde-1bf3d2c113ae-2217194b-1ffb-4521-a301-1a6e140d98c9-StreamThread-1-consumer, groupId=09b9a94f-9865-4d45-9dde-1bf3d2c113ae] Request joining group due to: need to re-join with the given member-id: 09b9a94f-9865-4d45-9dde-1bf3d2c113ae-2217194b-1ffb-4521-a301-1a6e140d98c9-StreamThread-1-consumer-aac2fbc5-d3e7-4593-a6c4-e8327e5db53d
[09b9a94f-9865-4d45-9dde-1bf3d2c113ae-2217194b-1ffb-4521-a301-1a6e140d98c9-StreamThread-1] INFO org.apache.kafka.clients.consumer.internals.ConsumerCoordinator - [Consumer clientId=09b9a94f-9865-4d45-9dde-1bf3d2c113ae-2217194b-1ffb-4521-a301-1a6e140d98c9-StreamThread-1-consumer, groupId=09b9a94f-9865-4d45-9dde-1bf3d2c113ae] Request joining group due to: rebalance failed due to 'The group member needs to have a valid member id before actually entering a consumer group.' (MemberIdRequiredException)
[09b9a94f-9865-4d45-9dde-1bf3d2c113ae-2217194b-1ffb-4521-a301-1a6e140d98c9-StreamThread-1] INFO org.apache.kafka.clients.consumer.internals.ConsumerCoordinator - [Consumer clientId=09b9a94f-9865-4d45-9dde-1bf3d2c113ae-2217194b-1ffb-4521-a301-1a6e140d98c9-StreamThread-1-consumer, groupId=09b9a94f-9865-4d45-9dde-1bf3d2c113ae] (Re-)joining group
[09b9a94f-9865-4d45-9dde-1bf3d2c113ae-2217194b-1ffb-4521-a301-1a6e140d98c9-StreamThread-1] INFO org.apache.kafka.clients.consumer.internals.ConsumerCoordinator - [Consumer clientId=09b9a94f-9865-4d45-9dde-1bf3d2c113ae-2217194b-1ffb-4521-a301-1a6e140d98c9-StreamThread-1-consumer, groupId=09b9a94f-9865-4d45-9dde-1bf3d2c113ae] Successfully joined group with generation Generation{generationId=1, memberId='09b9a94f-9865-4d45-9dde-1bf3d2c113ae-2217194b-1ffb-4521-a301-1a6e140d98c9-StreamThread-1-consumer-aac2fbc5-d3e7-4593-a6c4-e8327e5db53d', protocol='stream'}
[09b9a94f-9865-4d45-9dde-1bf3d2c113ae-2217194b-1ffb-4521-a301-1a6e140d98c9-StreamThread-1] WARN org.apache.kafka.clients.NetworkClient - [Consumer clientId=09b9a94f-9865-4d45-9dde-1bf3d2c113ae-2217194b-1ffb-4521-a301-1a6e140d98c9-StreamThread-1-consumer, groupId=09b9a94f-9865-4d45-9dde-1bf3d2c113ae] Error while fetching metadata with correlation id 7 : {09b9a94f-9865-4d45-9dde-1bf3d2c113ae-reduce-annot-state-store09b9a94f-9865-4d45-9dde-1bf3d2c113ae-repartition=UNKNOWN_TOPIC_OR_PARTITION, 09b9a94f-9865-4d45-9dde-1bf3d2c113ae-KSTREAM-KEY-SELECT-0000000014-repartition=UNKNOWN_TOPIC_OR_PARTITION}
[09b9a94f-9865-4d45-9dde-1bf3d2c113ae-2217194b-1ffb-4521-a301-1a6e140d98c9-StreamThread-1] INFO org.apache.kafka.streams.processor.internals.StreamsPartitionAssignor - stream-thread [09b9a94f-9865-4d45-9dde-1bf3d2c113ae-2217194b-1ffb-4521-a301-1a6e140d98c9-StreamThread-1-consumer] All members participating in this rebalance: 
2217194b-1ffb-4521-a301-1a6e140d98c9: [09b9a94f-9865-4d45-9dde-1bf3d2c113ae-2217194b-1ffb-4521-a301-1a6e140d98c9-StreamThread-1-consumer-aac2fbc5-d3e7-4593-a6c4-e8327e5db53d].
[09b9a94f-9865-4d45-9dde-1bf3d2c113ae-2217194b-1ffb-4521-a301-1a6e140d98c9-StreamThread-1] INFO org.apache.kafka.streams.processor.internals.assignment.HighAvailabilityTaskAssignor - Decided on assignment: {2217194b-1ffb-4521-a301-1a6e140d98c9=[activeTasks: ([0_0, 1_0, 2_0]) standbyTasks: ([]) prevActiveTasks: ([]) prevStandbyTasks: ([]) changelogOffsetTotalsByTask: ([]) taskLagTotals: ([0_0=0, 1_0=0, 2_0=0]) clientTags: ([]) capacity: 1 assigned: 3]} with no followup probing rebalance.
[09b9a94f-9865-4d45-9dde-1bf3d2c113ae-2217194b-1ffb-4521-a301-1a6e140d98c9-StreamThread-1] INFO org.apache.kafka.streams.processor.internals.StreamsPartitionAssignor - stream-thread [09b9a94f-9865-4d45-9dde-1bf3d2c113ae-2217194b-1ffb-4521-a301-1a6e140d98c9-StreamThread-1-consumer] Assigned tasks [1_0, 2_0, 0_0] including stateful [1_0, 2_0, 0_0] to clients as: 
2217194b-1ffb-4521-a301-1a6e140d98c9=[activeTasks: ([0_0, 1_0, 2_0]) standbyTasks: ([])].
[09b9a94f-9865-4d45-9dde-1bf3d2c113ae-2217194b-1ffb-4521-a301-1a6e140d98c9-StreamThread-1] INFO org.apache.kafka.streams.processor.internals.StreamsPartitionAssignor - stream-thread [09b9a94f-9865-4d45-9dde-1bf3d2c113ae-2217194b-1ffb-4521-a301-1a6e140d98c9-StreamThread-1-consumer] Client 2217194b-1ffb-4521-a301-1a6e140d98c9 per-consumer assignment:
	prev owned active {}
	prev owned standby {09b9a94f-9865-4d45-9dde-1bf3d2c113ae-2217194b-1ffb-4521-a301-1a6e140d98c9-StreamThread-1-consumer-aac2fbc5-d3e7-4593-a6c4-e8327e5db53d=[]}
	assigned active {09b9a94f-9865-4d45-9dde-1bf3d2c113ae-2217194b-1ffb-4521-a301-1a6e140d98c9-StreamThread-1-consumer-aac2fbc5-d3e7-4593-a6c4-e8327e5db53d=[1_0, 2_0, 0_0]}
	revoking active {}
	assigned standby {}

[09b9a94f-9865-4d45-9dde-1bf3d2c113ae-2217194b-1ffb-4521-a301-1a6e140d98c9-StreamThread-1] INFO org.apache.kafka.streams.processor.internals.StreamsPartitionAssignor - stream-thread [09b9a94f-9865-4d45-9dde-1bf3d2c113ae-2217194b-1ffb-4521-a301-1a6e140d98c9-StreamThread-1-consumer] Finished stable assignment of tasks, no followup rebalances required.
[09b9a94f-9865-4d45-9dde-1bf3d2c113ae-2217194b-1ffb-4521-a301-1a6e140d98c9-StreamThread-1] INFO org.apache.kafka.clients.consumer.internals.ConsumerCoordinator - [Consumer clientId=09b9a94f-9865-4d45-9dde-1bf3d2c113ae-2217194b-1ffb-4521-a301-1a6e140d98c9-StreamThread-1-consumer, groupId=09b9a94f-9865-4d45-9dde-1bf3d2c113ae] Finished assignment for group at generation 1: {09b9a94f-9865-4d45-9dde-1bf3d2c113ae-2217194b-1ffb-4521-a301-1a6e140d98c9-StreamThread-1-consumer-aac2fbc5-d3e7-4593-a6c4-e8327e5db53d=Assignment(partitions=[09b9a94f-9865-4d45-9dde-1bf3d2c113ae-KSTREAM-KEY-SELECT-0000000014-repartition-0, 09b9a94f-9865-4d45-9dde-1bf3d2c113ae-reduce-annot-state-store09b9a94f-9865-4d45-9dde-1bf3d2c113ae-repartition-0, stocks-nrecords-25000000-0], userDataSize=76)}
[09b9a94f-9865-4d45-9dde-1bf3d2c113ae-2217194b-1ffb-4521-a301-1a6e140d98c9-StreamThread-1] INFO org.apache.kafka.clients.Metadata - [Consumer clientId=09b9a94f-9865-4d45-9dde-1bf3d2c113ae-2217194b-1ffb-4521-a301-1a6e140d98c9-StreamThread-1-consumer, groupId=09b9a94f-9865-4d45-9dde-1bf3d2c113ae] Resetting the last seen epoch of partition 09b9a94f-9865-4d45-9dde-1bf3d2c113ae-reduce-annot-state-store09b9a94f-9865-4d45-9dde-1bf3d2c113ae-repartition-0 to 0 since the associated topicId changed from null to JshWvqtgQyeI3f9GjO8KyQ
[09b9a94f-9865-4d45-9dde-1bf3d2c113ae-2217194b-1ffb-4521-a301-1a6e140d98c9-StreamThread-1] INFO org.apache.kafka.clients.Metadata - [Consumer clientId=09b9a94f-9865-4d45-9dde-1bf3d2c113ae-2217194b-1ffb-4521-a301-1a6e140d98c9-StreamThread-1-consumer, groupId=09b9a94f-9865-4d45-9dde-1bf3d2c113ae] Resetting the last seen epoch of partition 09b9a94f-9865-4d45-9dde-1bf3d2c113ae-KSTREAM-KEY-SELECT-0000000014-repartition-0 to 0 since the associated topicId changed from null to G-EzhJXkTtWUpi7idZ2M0A
[09b9a94f-9865-4d45-9dde-1bf3d2c113ae-2217194b-1ffb-4521-a301-1a6e140d98c9-StreamThread-1] INFO org.apache.kafka.streams.processor.internals.StreamThread - stream-thread [09b9a94f-9865-4d45-9dde-1bf3d2c113ae-2217194b-1ffb-4521-a301-1a6e140d98c9-StreamThread-1] Processed 0 total records, ran 0 punctuators, and committed 0 total tasks since the last update
[09b9a94f-9865-4d45-9dde-1bf3d2c113ae-2217194b-1ffb-4521-a301-1a6e140d98c9-StreamThread-1] INFO org.apache.kafka.clients.consumer.internals.ConsumerCoordinator - [Consumer clientId=09b9a94f-9865-4d45-9dde-1bf3d2c113ae-2217194b-1ffb-4521-a301-1a6e140d98c9-StreamThread-1-consumer, groupId=09b9a94f-9865-4d45-9dde-1bf3d2c113ae] Successfully synced group in generation Generation{generationId=1, memberId='09b9a94f-9865-4d45-9dde-1bf3d2c113ae-2217194b-1ffb-4521-a301-1a6e140d98c9-StreamThread-1-consumer-aac2fbc5-d3e7-4593-a6c4-e8327e5db53d', protocol='stream'}
[09b9a94f-9865-4d45-9dde-1bf3d2c113ae-2217194b-1ffb-4521-a301-1a6e140d98c9-StreamThread-1] INFO org.apache.kafka.clients.consumer.internals.ConsumerCoordinator - [Consumer clientId=09b9a94f-9865-4d45-9dde-1bf3d2c113ae-2217194b-1ffb-4521-a301-1a6e140d98c9-StreamThread-1-consumer, groupId=09b9a94f-9865-4d45-9dde-1bf3d2c113ae] Updating assignment with
	Assigned partitions:                       [09b9a94f-9865-4d45-9dde-1bf3d2c113ae-KSTREAM-KEY-SELECT-0000000014-repartition-0, 09b9a94f-9865-4d45-9dde-1bf3d2c113ae-reduce-annot-state-store09b9a94f-9865-4d45-9dde-1bf3d2c113ae-repartition-0, stocks-nrecords-25000000-0]
	Current owned partitions:                  []
	Added partitions (assigned - owned):       [09b9a94f-9865-4d45-9dde-1bf3d2c113ae-KSTREAM-KEY-SELECT-0000000014-repartition-0, 09b9a94f-9865-4d45-9dde-1bf3d2c113ae-reduce-annot-state-store09b9a94f-9865-4d45-9dde-1bf3d2c113ae-repartition-0, stocks-nrecords-25000000-0]
	Revoked partitions (owned - assigned):     []

[09b9a94f-9865-4d45-9dde-1bf3d2c113ae-2217194b-1ffb-4521-a301-1a6e140d98c9-StreamThread-1] INFO org.apache.kafka.clients.consumer.internals.ConsumerCoordinator - [Consumer clientId=09b9a94f-9865-4d45-9dde-1bf3d2c113ae-2217194b-1ffb-4521-a301-1a6e140d98c9-StreamThread-1-consumer, groupId=09b9a94f-9865-4d45-9dde-1bf3d2c113ae] Notifying assignor about the new Assignment(partitions=[09b9a94f-9865-4d45-9dde-1bf3d2c113ae-KSTREAM-KEY-SELECT-0000000014-repartition-0, 09b9a94f-9865-4d45-9dde-1bf3d2c113ae-reduce-annot-state-store09b9a94f-9865-4d45-9dde-1bf3d2c113ae-repartition-0, stocks-nrecords-25000000-0], userDataSize=76)
[09b9a94f-9865-4d45-9dde-1bf3d2c113ae-2217194b-1ffb-4521-a301-1a6e140d98c9-StreamThread-1] INFO org.apache.kafka.streams.processor.internals.StreamsPartitionAssignor - stream-thread [09b9a94f-9865-4d45-9dde-1bf3d2c113ae-2217194b-1ffb-4521-a301-1a6e140d98c9-StreamThread-1-consumer] No followup rebalance was requested, resetting the rebalance schedule.
[09b9a94f-9865-4d45-9dde-1bf3d2c113ae-2217194b-1ffb-4521-a301-1a6e140d98c9-StreamThread-1] INFO org.apache.kafka.streams.processor.internals.TaskManager - stream-thread [09b9a94f-9865-4d45-9dde-1bf3d2c113ae-2217194b-1ffb-4521-a301-1a6e140d98c9-StreamThread-1] Handle new assignment with:
	New active tasks: [1_0, 2_0, 0_0]
	New standby tasks: []
	Existing active tasks: []
	Existing standby tasks: []
[09b9a94f-9865-4d45-9dde-1bf3d2c113ae-2217194b-1ffb-4521-a301-1a6e140d98c9-StreamThread-1] INFO org.apache.kafka.clients.consumer.internals.ConsumerCoordinator - [Consumer clientId=09b9a94f-9865-4d45-9dde-1bf3d2c113ae-2217194b-1ffb-4521-a301-1a6e140d98c9-StreamThread-1-consumer, groupId=09b9a94f-9865-4d45-9dde-1bf3d2c113ae] Adding newly assigned partitions: 09b9a94f-9865-4d45-9dde-1bf3d2c113ae-KSTREAM-KEY-SELECT-0000000014-repartition-0, 09b9a94f-9865-4d45-9dde-1bf3d2c113ae-reduce-annot-state-store09b9a94f-9865-4d45-9dde-1bf3d2c113ae-repartition-0, stocks-nrecords-25000000-0
[09b9a94f-9865-4d45-9dde-1bf3d2c113ae-2217194b-1ffb-4521-a301-1a6e140d98c9-StreamThread-1] INFO org.apache.kafka.streams.processor.internals.StreamThread - stream-thread [09b9a94f-9865-4d45-9dde-1bf3d2c113ae-2217194b-1ffb-4521-a301-1a6e140d98c9-StreamThread-1] State transition from STARTING to PARTITIONS_ASSIGNED
[09b9a94f-9865-4d45-9dde-1bf3d2c113ae-2217194b-1ffb-4521-a301-1a6e140d98c9-StreamThread-1] INFO org.apache.kafka.clients.consumer.internals.ConsumerCoordinator - [Consumer clientId=09b9a94f-9865-4d45-9dde-1bf3d2c113ae-2217194b-1ffb-4521-a301-1a6e140d98c9-StreamThread-1-consumer, groupId=09b9a94f-9865-4d45-9dde-1bf3d2c113ae] Request joining group due to: cached metadata has changed from (version3: {stocks-nrecords-25000000=1}) at the beginning of the rebalance to (version4: {stocks-nrecords-25000000=1, 09b9a94f-9865-4d45-9dde-1bf3d2c113ae-reduce-annot-state-store09b9a94f-9865-4d45-9dde-1bf3d2c113ae-repartition=1, 09b9a94f-9865-4d45-9dde-1bf3d2c113ae-KSTREAM-KEY-SELECT-0000000014-repartition=1})
[09b9a94f-9865-4d45-9dde-1bf3d2c113ae-2217194b-1ffb-4521-a301-1a6e140d98c9-StreamThread-1] INFO org.apache.kafka.clients.consumer.internals.ConsumerCoordinator - [Consumer clientId=09b9a94f-9865-4d45-9dde-1bf3d2c113ae-2217194b-1ffb-4521-a301-1a6e140d98c9-StreamThread-1-consumer, groupId=09b9a94f-9865-4d45-9dde-1bf3d2c113ae] (Re-)joining group
[09b9a94f-9865-4d45-9dde-1bf3d2c113ae-2217194b-1ffb-4521-a301-1a6e140d98c9-StreamThread-1] INFO org.apache.kafka.clients.consumer.internals.ConsumerCoordinator - [Consumer clientId=09b9a94f-9865-4d45-9dde-1bf3d2c113ae-2217194b-1ffb-4521-a301-1a6e140d98c9-StreamThread-1-consumer, groupId=09b9a94f-9865-4d45-9dde-1bf3d2c113ae] Successfully joined group with generation Generation{generationId=2, memberId='09b9a94f-9865-4d45-9dde-1bf3d2c113ae-2217194b-1ffb-4521-a301-1a6e140d98c9-StreamThread-1-consumer-aac2fbc5-d3e7-4593-a6c4-e8327e5db53d', protocol='stream'}
[09b9a94f-9865-4d45-9dde-1bf3d2c113ae-2217194b-1ffb-4521-a301-1a6e140d98c9-StreamThread-1] INFO org.apache.kafka.streams.processor.internals.StreamsPartitionAssignor - stream-thread [09b9a94f-9865-4d45-9dde-1bf3d2c113ae-2217194b-1ffb-4521-a301-1a6e140d98c9-StreamThread-1-consumer] All members participating in this rebalance: 
2217194b-1ffb-4521-a301-1a6e140d98c9: [09b9a94f-9865-4d45-9dde-1bf3d2c113ae-2217194b-1ffb-4521-a301-1a6e140d98c9-StreamThread-1-consumer-aac2fbc5-d3e7-4593-a6c4-e8327e5db53d].
[09b9a94f-9865-4d45-9dde-1bf3d2c113ae-2217194b-1ffb-4521-a301-1a6e140d98c9-StreamThread-1] INFO org.apache.kafka.streams.processor.internals.assignment.HighAvailabilityTaskAssignor - Decided on assignment: {2217194b-1ffb-4521-a301-1a6e140d98c9=[activeTasks: ([0_0, 1_0, 2_0]) standbyTasks: ([]) prevActiveTasks: ([0_0, 1_0, 2_0]) prevStandbyTasks: ([]) changelogOffsetTotalsByTask: ([]) taskLagTotals: ([0_0=0, 1_0=0, 2_0=0]) clientTags: ([]) capacity: 1 assigned: 3]} with no followup probing rebalance.
[09b9a94f-9865-4d45-9dde-1bf3d2c113ae-2217194b-1ffb-4521-a301-1a6e140d98c9-StreamThread-1] INFO org.apache.kafka.streams.processor.internals.StreamsPartitionAssignor - stream-thread [09b9a94f-9865-4d45-9dde-1bf3d2c113ae-2217194b-1ffb-4521-a301-1a6e140d98c9-StreamThread-1-consumer] Assigned tasks [1_0, 2_0, 0_0] including stateful [1_0, 2_0, 0_0] to clients as: 
2217194b-1ffb-4521-a301-1a6e140d98c9=[activeTasks: ([0_0, 1_0, 2_0]) standbyTasks: ([])].
[09b9a94f-9865-4d45-9dde-1bf3d2c113ae-2217194b-1ffb-4521-a301-1a6e140d98c9-StreamThread-1] INFO org.apache.kafka.streams.processor.internals.StreamsPartitionAssignor - stream-thread [09b9a94f-9865-4d45-9dde-1bf3d2c113ae-2217194b-1ffb-4521-a301-1a6e140d98c9-StreamThread-1-consumer] Client 2217194b-1ffb-4521-a301-1a6e140d98c9 per-consumer assignment:
	prev owned active {09b9a94f-9865-4d45-9dde-1bf3d2c113ae-2217194b-1ffb-4521-a301-1a6e140d98c9-StreamThread-1-consumer-aac2fbc5-d3e7-4593-a6c4-e8327e5db53d=[1_0, 2_0, 0_0]}
	prev owned standby {09b9a94f-9865-4d45-9dde-1bf3d2c113ae-2217194b-1ffb-4521-a301-1a6e140d98c9-StreamThread-1-consumer-aac2fbc5-d3e7-4593-a6c4-e8327e5db53d=[]}
	assigned active {09b9a94f-9865-4d45-9dde-1bf3d2c113ae-2217194b-1ffb-4521-a301-1a6e140d98c9-StreamThread-1-consumer-aac2fbc5-d3e7-4593-a6c4-e8327e5db53d=[1_0, 2_0, 0_0]}
	revoking active {}
	assigned standby {}

[09b9a94f-9865-4d45-9dde-1bf3d2c113ae-2217194b-1ffb-4521-a301-1a6e140d98c9-StreamThread-1] INFO org.apache.kafka.streams.processor.internals.StreamsPartitionAssignor - stream-thread [09b9a94f-9865-4d45-9dde-1bf3d2c113ae-2217194b-1ffb-4521-a301-1a6e140d98c9-StreamThread-1-consumer] Finished stable assignment of tasks, no followup rebalances required.
[09b9a94f-9865-4d45-9dde-1bf3d2c113ae-2217194b-1ffb-4521-a301-1a6e140d98c9-StreamThread-1] INFO org.apache.kafka.clients.consumer.internals.ConsumerCoordinator - [Consumer clientId=09b9a94f-9865-4d45-9dde-1bf3d2c113ae-2217194b-1ffb-4521-a301-1a6e140d98c9-StreamThread-1-consumer, groupId=09b9a94f-9865-4d45-9dde-1bf3d2c113ae] Finished assignment for group at generation 2: {09b9a94f-9865-4d45-9dde-1bf3d2c113ae-2217194b-1ffb-4521-a301-1a6e140d98c9-StreamThread-1-consumer-aac2fbc5-d3e7-4593-a6c4-e8327e5db53d=Assignment(partitions=[09b9a94f-9865-4d45-9dde-1bf3d2c113ae-KSTREAM-KEY-SELECT-0000000014-repartition-0, 09b9a94f-9865-4d45-9dde-1bf3d2c113ae-reduce-annot-state-store09b9a94f-9865-4d45-9dde-1bf3d2c113ae-repartition-0, stocks-nrecords-25000000-0], userDataSize=76)}
[09b9a94f-9865-4d45-9dde-1bf3d2c113ae-2217194b-1ffb-4521-a301-1a6e140d98c9-StreamThread-1] INFO org.apache.kafka.clients.consumer.internals.ConsumerCoordinator - [Consumer clientId=09b9a94f-9865-4d45-9dde-1bf3d2c113ae-2217194b-1ffb-4521-a301-1a6e140d98c9-StreamThread-1-consumer, groupId=09b9a94f-9865-4d45-9dde-1bf3d2c113ae] Successfully synced group in generation Generation{generationId=2, memberId='09b9a94f-9865-4d45-9dde-1bf3d2c113ae-2217194b-1ffb-4521-a301-1a6e140d98c9-StreamThread-1-consumer-aac2fbc5-d3e7-4593-a6c4-e8327e5db53d', protocol='stream'}
[09b9a94f-9865-4d45-9dde-1bf3d2c113ae-2217194b-1ffb-4521-a301-1a6e140d98c9-StreamThread-1] INFO org.apache.kafka.clients.consumer.internals.ConsumerCoordinator - [Consumer clientId=09b9a94f-9865-4d45-9dde-1bf3d2c113ae-2217194b-1ffb-4521-a301-1a6e140d98c9-StreamThread-1-consumer, groupId=09b9a94f-9865-4d45-9dde-1bf3d2c113ae] Updating assignment with
	Assigned partitions:                       [09b9a94f-9865-4d45-9dde-1bf3d2c113ae-KSTREAM-KEY-SELECT-0000000014-repartition-0, 09b9a94f-9865-4d45-9dde-1bf3d2c113ae-reduce-annot-state-store09b9a94f-9865-4d45-9dde-1bf3d2c113ae-repartition-0, stocks-nrecords-25000000-0]
	Current owned partitions:                  [09b9a94f-9865-4d45-9dde-1bf3d2c113ae-KSTREAM-KEY-SELECT-0000000014-repartition-0, 09b9a94f-9865-4d45-9dde-1bf3d2c113ae-reduce-annot-state-store09b9a94f-9865-4d45-9dde-1bf3d2c113ae-repartition-0, stocks-nrecords-25000000-0]
	Added partitions (assigned - owned):       []
	Revoked partitions (owned - assigned):     []

[09b9a94f-9865-4d45-9dde-1bf3d2c113ae-2217194b-1ffb-4521-a301-1a6e140d98c9-StreamThread-1] INFO org.apache.kafka.clients.consumer.internals.ConsumerCoordinator - [Consumer clientId=09b9a94f-9865-4d45-9dde-1bf3d2c113ae-2217194b-1ffb-4521-a301-1a6e140d98c9-StreamThread-1-consumer, groupId=09b9a94f-9865-4d45-9dde-1bf3d2c113ae] Notifying assignor about the new Assignment(partitions=[09b9a94f-9865-4d45-9dde-1bf3d2c113ae-KSTREAM-KEY-SELECT-0000000014-repartition-0, 09b9a94f-9865-4d45-9dde-1bf3d2c113ae-reduce-annot-state-store09b9a94f-9865-4d45-9dde-1bf3d2c113ae-repartition-0, stocks-nrecords-25000000-0], userDataSize=76)
[09b9a94f-9865-4d45-9dde-1bf3d2c113ae-2217194b-1ffb-4521-a301-1a6e140d98c9-StreamThread-1] INFO org.apache.kafka.streams.processor.internals.StreamsPartitionAssignor - stream-thread [09b9a94f-9865-4d45-9dde-1bf3d2c113ae-2217194b-1ffb-4521-a301-1a6e140d98c9-StreamThread-1-consumer] No followup rebalance was requested, resetting the rebalance schedule.
[09b9a94f-9865-4d45-9dde-1bf3d2c113ae-2217194b-1ffb-4521-a301-1a6e140d98c9-StreamThread-1] INFO org.apache.kafka.streams.processor.internals.TaskManager - stream-thread [09b9a94f-9865-4d45-9dde-1bf3d2c113ae-2217194b-1ffb-4521-a301-1a6e140d98c9-StreamThread-1] Handle new assignment with:
	New active tasks: [1_0, 2_0, 0_0]
	New standby tasks: []
	Existing active tasks: [1_0, 2_0, 0_0]
	Existing standby tasks: []
[09b9a94f-9865-4d45-9dde-1bf3d2c113ae-2217194b-1ffb-4521-a301-1a6e140d98c9-StreamThread-1] INFO org.apache.kafka.clients.consumer.internals.ConsumerCoordinator - [Consumer clientId=09b9a94f-9865-4d45-9dde-1bf3d2c113ae-2217194b-1ffb-4521-a301-1a6e140d98c9-StreamThread-1-consumer, groupId=09b9a94f-9865-4d45-9dde-1bf3d2c113ae] Adding newly assigned partitions: 
[09b9a94f-9865-4d45-9dde-1bf3d2c113ae-2217194b-1ffb-4521-a301-1a6e140d98c9-StreamThread-1] INFO org.apache.kafka.streams.processor.internals.StreamThread - stream-thread [09b9a94f-9865-4d45-9dde-1bf3d2c113ae-2217194b-1ffb-4521-a301-1a6e140d98c9-StreamThread-1] State transition from PARTITIONS_ASSIGNED to PARTITIONS_ASSIGNED
[09b9a94f-9865-4d45-9dde-1bf3d2c113ae-2217194b-1ffb-4521-a301-1a6e140d98c9-StreamThread-1] INFO org.apache.kafka.clients.consumer.internals.ConsumerCoordinator - [Consumer clientId=09b9a94f-9865-4d45-9dde-1bf3d2c113ae-2217194b-1ffb-4521-a301-1a6e140d98c9-StreamThread-1-consumer, groupId=09b9a94f-9865-4d45-9dde-1bf3d2c113ae] Found no committed offset for partition 09b9a94f-9865-4d45-9dde-1bf3d2c113ae-reduce-annot-state-store09b9a94f-9865-4d45-9dde-1bf3d2c113ae-repartition-0
[09b9a94f-9865-4d45-9dde-1bf3d2c113ae-2217194b-1ffb-4521-a301-1a6e140d98c9-StreamThread-1] INFO org.apache.kafka.clients.consumer.internals.ConsumerCoordinator - [Consumer clientId=09b9a94f-9865-4d45-9dde-1bf3d2c113ae-2217194b-1ffb-4521-a301-1a6e140d98c9-StreamThread-1-consumer, groupId=09b9a94f-9865-4d45-9dde-1bf3d2c113ae] Found no committed offset for partition stocks-nrecords-25000000-0
[09b9a94f-9865-4d45-9dde-1bf3d2c113ae-2217194b-1ffb-4521-a301-1a6e140d98c9-StreamThread-1] INFO org.apache.kafka.clients.consumer.internals.ConsumerCoordinator - [Consumer clientId=09b9a94f-9865-4d45-9dde-1bf3d2c113ae-2217194b-1ffb-4521-a301-1a6e140d98c9-StreamThread-1-consumer, groupId=09b9a94f-9865-4d45-9dde-1bf3d2c113ae] Found no committed offset for partition 09b9a94f-9865-4d45-9dde-1bf3d2c113ae-KSTREAM-KEY-SELECT-0000000014-repartition-0
[09b9a94f-9865-4d45-9dde-1bf3d2c113ae-2217194b-1ffb-4521-a301-1a6e140d98c9-StreamThread-1] INFO org.apache.kafka.streams.processor.internals.StreamThread - stream-thread [09b9a94f-9865-4d45-9dde-1bf3d2c113ae-2217194b-1ffb-4521-a301-1a6e140d98c9-StreamThread-1] No custom setting defined for topic '09b9a94f-9865-4d45-9dde-1bf3d2c113ae-reduce-annot-state-store09b9a94f-9865-4d45-9dde-1bf3d2c113ae-repartition' using original config 'earliest' for offset reset
[09b9a94f-9865-4d45-9dde-1bf3d2c113ae-2217194b-1ffb-4521-a301-1a6e140d98c9-StreamThread-1] INFO org.apache.kafka.streams.processor.internals.StreamThread - stream-thread [09b9a94f-9865-4d45-9dde-1bf3d2c113ae-2217194b-1ffb-4521-a301-1a6e140d98c9-StreamThread-1] Setting topic 'stocks-nrecords-25000000' to consume from earliest offset
[09b9a94f-9865-4d45-9dde-1bf3d2c113ae-2217194b-1ffb-4521-a301-1a6e140d98c9-StreamThread-1] INFO org.apache.kafka.streams.processor.internals.StreamThread - stream-thread [09b9a94f-9865-4d45-9dde-1bf3d2c113ae-2217194b-1ffb-4521-a301-1a6e140d98c9-StreamThread-1] No custom setting defined for topic '09b9a94f-9865-4d45-9dde-1bf3d2c113ae-KSTREAM-KEY-SELECT-0000000014-repartition' using original config 'earliest' for offset reset
[09b9a94f-9865-4d45-9dde-1bf3d2c113ae-2217194b-1ffb-4521-a301-1a6e140d98c9-StreamThread-1] INFO org.apache.kafka.clients.consumer.internals.SubscriptionState - [Consumer clientId=09b9a94f-9865-4d45-9dde-1bf3d2c113ae-2217194b-1ffb-4521-a301-1a6e140d98c9-StreamThread-1-consumer, groupId=09b9a94f-9865-4d45-9dde-1bf3d2c113ae] Seeking to EARLIEST offset of partition 09b9a94f-9865-4d45-9dde-1bf3d2c113ae-reduce-annot-state-store09b9a94f-9865-4d45-9dde-1bf3d2c113ae-repartition-0
[09b9a94f-9865-4d45-9dde-1bf3d2c113ae-2217194b-1ffb-4521-a301-1a6e140d98c9-StreamThread-1] INFO org.apache.kafka.clients.consumer.internals.SubscriptionState - [Consumer clientId=09b9a94f-9865-4d45-9dde-1bf3d2c113ae-2217194b-1ffb-4521-a301-1a6e140d98c9-StreamThread-1-consumer, groupId=09b9a94f-9865-4d45-9dde-1bf3d2c113ae] Seeking to EARLIEST offset of partition stocks-nrecords-25000000-0
[09b9a94f-9865-4d45-9dde-1bf3d2c113ae-2217194b-1ffb-4521-a301-1a6e140d98c9-StreamThread-1] INFO org.apache.kafka.clients.consumer.internals.SubscriptionState - [Consumer clientId=09b9a94f-9865-4d45-9dde-1bf3d2c113ae-2217194b-1ffb-4521-a301-1a6e140d98c9-StreamThread-1-consumer, groupId=09b9a94f-9865-4d45-9dde-1bf3d2c113ae] Seeking to EARLIEST offset of partition 09b9a94f-9865-4d45-9dde-1bf3d2c113ae-KSTREAM-KEY-SELECT-0000000014-repartition-0
[09b9a94f-9865-4d45-9dde-1bf3d2c113ae-2217194b-1ffb-4521-a301-1a6e140d98c9-StreamThread-1] INFO org.apache.kafka.streams.processor.internals.ProcessorStateManager - stream-thread [09b9a94f-9865-4d45-9dde-1bf3d2c113ae-2217194b-1ffb-4521-a301-1a6e140d98c9-StreamThread-1] task [0_0] Initializing to the starting offset for changelog 09b9a94f-9865-4d45-9dde-1bf3d2c113ae-join1-annot-a704c705-ca1f-4cfe-abcc-01723267e75e-changelog-0 of in-memory state store join1-annot-a704c705-ca1f-4cfe-abcc-01723267e75e
[09b9a94f-9865-4d45-9dde-1bf3d2c113ae-2217194b-1ffb-4521-a301-1a6e140d98c9-StreamThread-1] INFO org.apache.kafka.streams.processor.internals.ProcessorStateManager - stream-thread [09b9a94f-9865-4d45-9dde-1bf3d2c113ae-2217194b-1ffb-4521-a301-1a6e140d98c9-StreamThread-1] task [0_0] Initializing to the starting offset for changelog 09b9a94f-9865-4d45-9dde-1bf3d2c113ae-join2-annot-40834f2d-3afe-4075-945d-48116326351b-changelog-0 of in-memory state store join2-annot-40834f2d-3afe-4075-945d-48116326351b
[09b9a94f-9865-4d45-9dde-1bf3d2c113ae-2217194b-1ffb-4521-a301-1a6e140d98c9-StreamThread-1] INFO org.apache.kafka.streams.processor.internals.StreamTask - stream-thread [09b9a94f-9865-4d45-9dde-1bf3d2c113ae-2217194b-1ffb-4521-a301-1a6e140d98c9-StreamThread-1] task [0_0] Initialized
[09b9a94f-9865-4d45-9dde-1bf3d2c113ae-2217194b-1ffb-4521-a301-1a6e140d98c9-StreamThread-1] INFO org.apache.kafka.streams.processor.internals.ProcessorStateManager - stream-thread [09b9a94f-9865-4d45-9dde-1bf3d2c113ae-2217194b-1ffb-4521-a301-1a6e140d98c9-StreamThread-1] task [1_0] Initializing to the starting offset for changelog 09b9a94f-9865-4d45-9dde-1bf3d2c113ae-reduce-annot-state-store09b9a94f-9865-4d45-9dde-1bf3d2c113ae-changelog-0 of in-memory state store reduce-annot-state-store09b9a94f-9865-4d45-9dde-1bf3d2c113ae
[09b9a94f-9865-4d45-9dde-1bf3d2c113ae-2217194b-1ffb-4521-a301-1a6e140d98c9-StreamThread-1] INFO org.apache.kafka.streams.processor.internals.StreamTask - stream-thread [09b9a94f-9865-4d45-9dde-1bf3d2c113ae-2217194b-1ffb-4521-a301-1a6e140d98c9-StreamThread-1] task [1_0] Initialized
[09b9a94f-9865-4d45-9dde-1bf3d2c113ae-2217194b-1ffb-4521-a301-1a6e140d98c9-StreamThread-1] INFO org.apache.kafka.streams.processor.internals.ProcessorStateManager - stream-thread [09b9a94f-9865-4d45-9dde-1bf3d2c113ae-2217194b-1ffb-4521-a301-1a6e140d98c9-StreamThread-1] task [2_0] Initializing to the starting offset for changelog 09b9a94f-9865-4d45-9dde-1bf3d2c113ae-join13fe47ec0-6d43-49bc-ba4a-d06a8014b628-changelog-0 of in-memory state store join13fe47ec0-6d43-49bc-ba4a-d06a8014b628
[09b9a94f-9865-4d45-9dde-1bf3d2c113ae-2217194b-1ffb-4521-a301-1a6e140d98c9-StreamThread-1] INFO org.apache.kafka.streams.processor.internals.ProcessorStateManager - stream-thread [09b9a94f-9865-4d45-9dde-1bf3d2c113ae-2217194b-1ffb-4521-a301-1a6e140d98c9-StreamThread-1] task [2_0] Initializing to the starting offset for changelog 09b9a94f-9865-4d45-9dde-1bf3d2c113ae-join2bc57be0a-f5aa-4588-a105-381407379d97-changelog-0 of in-memory state store join2bc57be0a-f5aa-4588-a105-381407379d97
[09b9a94f-9865-4d45-9dde-1bf3d2c113ae-2217194b-1ffb-4521-a301-1a6e140d98c9-StreamThread-1] INFO org.apache.kafka.streams.processor.internals.ProcessorStateManager - stream-thread [09b9a94f-9865-4d45-9dde-1bf3d2c113ae-2217194b-1ffb-4521-a301-1a6e140d98c9-StreamThread-1] task [2_0] State store KTABLE-TOPK-STORE-5283c86a-bcbf-4a7d-9742-6d11dec64219 is not logged and hence would not be restored
[09b9a94f-9865-4d45-9dde-1bf3d2c113ae-2217194b-1ffb-4521-a301-1a6e140d98c9-StreamThread-1] INFO org.apache.kafka.streams.processor.internals.StreamTask - stream-thread [09b9a94f-9865-4d45-9dde-1bf3d2c113ae-2217194b-1ffb-4521-a301-1a6e140d98c9-StreamThread-1] task [2_0] Initialized
[09b9a94f-9865-4d45-9dde-1bf3d2c113ae-2217194b-1ffb-4521-a301-1a6e140d98c9-StreamThread-1] INFO org.apache.kafka.clients.consumer.KafkaConsumer - [Consumer clientId=09b9a94f-9865-4d45-9dde-1bf3d2c113ae-2217194b-1ffb-4521-a301-1a6e140d98c9-StreamThread-1-restore-consumer, groupId=null] Subscribed to partition(s): 09b9a94f-9865-4d45-9dde-1bf3d2c113ae-join13fe47ec0-6d43-49bc-ba4a-d06a8014b628-changelog-0, 09b9a94f-9865-4d45-9dde-1bf3d2c113ae-reduce-annot-state-store09b9a94f-9865-4d45-9dde-1bf3d2c113ae-changelog-0, 09b9a94f-9865-4d45-9dde-1bf3d2c113ae-join1-annot-a704c705-ca1f-4cfe-abcc-01723267e75e-changelog-0, 09b9a94f-9865-4d45-9dde-1bf3d2c113ae-join2-annot-40834f2d-3afe-4075-945d-48116326351b-changelog-0, 09b9a94f-9865-4d45-9dde-1bf3d2c113ae-join2bc57be0a-f5aa-4588-a105-381407379d97-changelog-0
[09b9a94f-9865-4d45-9dde-1bf3d2c113ae-2217194b-1ffb-4521-a301-1a6e140d98c9-StreamThread-1] INFO org.apache.kafka.clients.consumer.internals.SubscriptionState - [Consumer clientId=09b9a94f-9865-4d45-9dde-1bf3d2c113ae-2217194b-1ffb-4521-a301-1a6e140d98c9-StreamThread-1-restore-consumer, groupId=null] Seeking to EARLIEST offset of partition 09b9a94f-9865-4d45-9dde-1bf3d2c113ae-join13fe47ec0-6d43-49bc-ba4a-d06a8014b628-changelog-0
[09b9a94f-9865-4d45-9dde-1bf3d2c113ae-2217194b-1ffb-4521-a301-1a6e140d98c9-StreamThread-1] INFO org.apache.kafka.clients.consumer.internals.SubscriptionState - [Consumer clientId=09b9a94f-9865-4d45-9dde-1bf3d2c113ae-2217194b-1ffb-4521-a301-1a6e140d98c9-StreamThread-1-restore-consumer, groupId=null] Seeking to EARLIEST offset of partition 09b9a94f-9865-4d45-9dde-1bf3d2c113ae-reduce-annot-state-store09b9a94f-9865-4d45-9dde-1bf3d2c113ae-changelog-0
[09b9a94f-9865-4d45-9dde-1bf3d2c113ae-2217194b-1ffb-4521-a301-1a6e140d98c9-StreamThread-1] INFO org.apache.kafka.clients.consumer.internals.SubscriptionState - [Consumer clientId=09b9a94f-9865-4d45-9dde-1bf3d2c113ae-2217194b-1ffb-4521-a301-1a6e140d98c9-StreamThread-1-restore-consumer, groupId=null] Seeking to EARLIEST offset of partition 09b9a94f-9865-4d45-9dde-1bf3d2c113ae-join1-annot-a704c705-ca1f-4cfe-abcc-01723267e75e-changelog-0
[09b9a94f-9865-4d45-9dde-1bf3d2c113ae-2217194b-1ffb-4521-a301-1a6e140d98c9-StreamThread-1] INFO org.apache.kafka.clients.consumer.internals.SubscriptionState - [Consumer clientId=09b9a94f-9865-4d45-9dde-1bf3d2c113ae-2217194b-1ffb-4521-a301-1a6e140d98c9-StreamThread-1-restore-consumer, groupId=null] Seeking to EARLIEST offset of partition 09b9a94f-9865-4d45-9dde-1bf3d2c113ae-join2-annot-40834f2d-3afe-4075-945d-48116326351b-changelog-0
[09b9a94f-9865-4d45-9dde-1bf3d2c113ae-2217194b-1ffb-4521-a301-1a6e140d98c9-StreamThread-1] INFO org.apache.kafka.clients.consumer.internals.SubscriptionState - [Consumer clientId=09b9a94f-9865-4d45-9dde-1bf3d2c113ae-2217194b-1ffb-4521-a301-1a6e140d98c9-StreamThread-1-restore-consumer, groupId=null] Seeking to EARLIEST offset of partition 09b9a94f-9865-4d45-9dde-1bf3d2c113ae-join2bc57be0a-f5aa-4588-a105-381407379d97-changelog-0
[09b9a94f-9865-4d45-9dde-1bf3d2c113ae-2217194b-1ffb-4521-a301-1a6e140d98c9-StreamThread-1] INFO org.apache.kafka.clients.Metadata - [Consumer clientId=09b9a94f-9865-4d45-9dde-1bf3d2c113ae-2217194b-1ffb-4521-a301-1a6e140d98c9-StreamThread-1-restore-consumer, groupId=null] Resetting the last seen epoch of partition 09b9a94f-9865-4d45-9dde-1bf3d2c113ae-join2bc57be0a-f5aa-4588-a105-381407379d97-changelog-0 to 0 since the associated topicId changed from null to CS6RLbI4TBKMq1UDYKJLzQ
[09b9a94f-9865-4d45-9dde-1bf3d2c113ae-2217194b-1ffb-4521-a301-1a6e140d98c9-StreamThread-1] INFO org.apache.kafka.clients.Metadata - [Consumer clientId=09b9a94f-9865-4d45-9dde-1bf3d2c113ae-2217194b-1ffb-4521-a301-1a6e140d98c9-StreamThread-1-restore-consumer, groupId=null] Resetting the last seen epoch of partition 09b9a94f-9865-4d45-9dde-1bf3d2c113ae-join13fe47ec0-6d43-49bc-ba4a-d06a8014b628-changelog-0 to 0 since the associated topicId changed from null to fD0fv5yJTl6r7qoojkJLWA
[09b9a94f-9865-4d45-9dde-1bf3d2c113ae-2217194b-1ffb-4521-a301-1a6e140d98c9-StreamThread-1] INFO org.apache.kafka.clients.Metadata - [Consumer clientId=09b9a94f-9865-4d45-9dde-1bf3d2c113ae-2217194b-1ffb-4521-a301-1a6e140d98c9-StreamThread-1-restore-consumer, groupId=null] Resetting the last seen epoch of partition 09b9a94f-9865-4d45-9dde-1bf3d2c113ae-join1-annot-a704c705-ca1f-4cfe-abcc-01723267e75e-changelog-0 to 0 since the associated topicId changed from null to zG1BSq3sRdKjHd-dP5raXA
[09b9a94f-9865-4d45-9dde-1bf3d2c113ae-2217194b-1ffb-4521-a301-1a6e140d98c9-StreamThread-1] INFO org.apache.kafka.clients.Metadata - [Consumer clientId=09b9a94f-9865-4d45-9dde-1bf3d2c113ae-2217194b-1ffb-4521-a301-1a6e140d98c9-StreamThread-1-restore-consumer, groupId=null] Resetting the last seen epoch of partition 09b9a94f-9865-4d45-9dde-1bf3d2c113ae-join2-annot-40834f2d-3afe-4075-945d-48116326351b-changelog-0 to 0 since the associated topicId changed from null to Fn3CxFQfQDWbIuPAeo4DUA
[09b9a94f-9865-4d45-9dde-1bf3d2c113ae-2217194b-1ffb-4521-a301-1a6e140d98c9-StreamThread-1] INFO org.apache.kafka.clients.Metadata - [Consumer clientId=09b9a94f-9865-4d45-9dde-1bf3d2c113ae-2217194b-1ffb-4521-a301-1a6e140d98c9-StreamThread-1-restore-consumer, groupId=null] Resetting the last seen epoch of partition 09b9a94f-9865-4d45-9dde-1bf3d2c113ae-reduce-annot-state-store09b9a94f-9865-4d45-9dde-1bf3d2c113ae-changelog-0 to 0 since the associated topicId changed from null to cJo-UsIoQUGPVEfotOzwKA
[09b9a94f-9865-4d45-9dde-1bf3d2c113ae-2217194b-1ffb-4521-a301-1a6e140d98c9-StreamThread-1] INFO org.apache.kafka.clients.Metadata - [Consumer clientId=09b9a94f-9865-4d45-9dde-1bf3d2c113ae-2217194b-1ffb-4521-a301-1a6e140d98c9-StreamThread-1-restore-consumer, groupId=null] Cluster ID: -frP_4XCSb-IYYbbGXRghg
[09b9a94f-9865-4d45-9dde-1bf3d2c113ae-2217194b-1ffb-4521-a301-1a6e140d98c9-StreamThread-1] INFO org.apache.kafka.clients.consumer.internals.SubscriptionState - [Consumer clientId=09b9a94f-9865-4d45-9dde-1bf3d2c113ae-2217194b-1ffb-4521-a301-1a6e140d98c9-StreamThread-1-restore-consumer, groupId=null] Resetting offset for partition 09b9a94f-9865-4d45-9dde-1bf3d2c113ae-join13fe47ec0-6d43-49bc-ba4a-d06a8014b628-changelog-0 to position FetchPosition{offset=0, offsetEpoch=Optional.empty, currentLeader=LeaderAndEpoch{leader=Optional[127.0.0.1:9092 (id: 0 rack: null)], epoch=0}}.
[09b9a94f-9865-4d45-9dde-1bf3d2c113ae-2217194b-1ffb-4521-a301-1a6e140d98c9-StreamThread-1] INFO org.apache.kafka.clients.consumer.internals.SubscriptionState - [Consumer clientId=09b9a94f-9865-4d45-9dde-1bf3d2c113ae-2217194b-1ffb-4521-a301-1a6e140d98c9-StreamThread-1-restore-consumer, groupId=null] Resetting offset for partition 09b9a94f-9865-4d45-9dde-1bf3d2c113ae-reduce-annot-state-store09b9a94f-9865-4d45-9dde-1bf3d2c113ae-changelog-0 to position FetchPosition{offset=0, offsetEpoch=Optional.empty, currentLeader=LeaderAndEpoch{leader=Optional[127.0.0.1:9092 (id: 0 rack: null)], epoch=0}}.
[09b9a94f-9865-4d45-9dde-1bf3d2c113ae-2217194b-1ffb-4521-a301-1a6e140d98c9-StreamThread-1] INFO org.apache.kafka.clients.consumer.internals.SubscriptionState - [Consumer clientId=09b9a94f-9865-4d45-9dde-1bf3d2c113ae-2217194b-1ffb-4521-a301-1a6e140d98c9-StreamThread-1-restore-consumer, groupId=null] Resetting offset for partition 09b9a94f-9865-4d45-9dde-1bf3d2c113ae-join1-annot-a704c705-ca1f-4cfe-abcc-01723267e75e-changelog-0 to position FetchPosition{offset=0, offsetEpoch=Optional.empty, currentLeader=LeaderAndEpoch{leader=Optional[127.0.0.1:9092 (id: 0 rack: null)], epoch=0}}.
[09b9a94f-9865-4d45-9dde-1bf3d2c113ae-2217194b-1ffb-4521-a301-1a6e140d98c9-StreamThread-1] INFO org.apache.kafka.clients.consumer.internals.SubscriptionState - [Consumer clientId=09b9a94f-9865-4d45-9dde-1bf3d2c113ae-2217194b-1ffb-4521-a301-1a6e140d98c9-StreamThread-1-restore-consumer, groupId=null] Resetting offset for partition 09b9a94f-9865-4d45-9dde-1bf3d2c113ae-join2-annot-40834f2d-3afe-4075-945d-48116326351b-changelog-0 to position FetchPosition{offset=0, offsetEpoch=Optional.empty, currentLeader=LeaderAndEpoch{leader=Optional[127.0.0.1:9092 (id: 0 rack: null)], epoch=0}}.
[09b9a94f-9865-4d45-9dde-1bf3d2c113ae-2217194b-1ffb-4521-a301-1a6e140d98c9-StreamThread-1] INFO org.apache.kafka.clients.consumer.internals.SubscriptionState - [Consumer clientId=09b9a94f-9865-4d45-9dde-1bf3d2c113ae-2217194b-1ffb-4521-a301-1a6e140d98c9-StreamThread-1-restore-consumer, groupId=null] Resetting offset for partition 09b9a94f-9865-4d45-9dde-1bf3d2c113ae-join2bc57be0a-f5aa-4588-a105-381407379d97-changelog-0 to position FetchPosition{offset=0, offsetEpoch=Optional.empty, currentLeader=LeaderAndEpoch{leader=Optional[127.0.0.1:9092 (id: 0 rack: null)], epoch=0}}.
[09b9a94f-9865-4d45-9dde-1bf3d2c113ae-2217194b-1ffb-4521-a301-1a6e140d98c9-StreamThread-1] INFO org.apache.kafka.streams.processor.internals.StoreChangelogReader - stream-thread [09b9a94f-9865-4d45-9dde-1bf3d2c113ae-2217194b-1ffb-4521-a301-1a6e140d98c9-StreamThread-1] Finished restoring changelog 09b9a94f-9865-4d45-9dde-1bf3d2c113ae-join13fe47ec0-6d43-49bc-ba4a-d06a8014b628-changelog-0 to store join13fe47ec0-6d43-49bc-ba4a-d06a8014b628 with a total number of 0 records
[09b9a94f-9865-4d45-9dde-1bf3d2c113ae-2217194b-1ffb-4521-a301-1a6e140d98c9-StreamThread-1] INFO org.apache.kafka.streams.processor.internals.StoreChangelogReader - stream-thread [09b9a94f-9865-4d45-9dde-1bf3d2c113ae-2217194b-1ffb-4521-a301-1a6e140d98c9-StreamThread-1] Finished restoring changelog 09b9a94f-9865-4d45-9dde-1bf3d2c113ae-reduce-annot-state-store09b9a94f-9865-4d45-9dde-1bf3d2c113ae-changelog-0 to store reduce-annot-state-store09b9a94f-9865-4d45-9dde-1bf3d2c113ae with a total number of 0 records
[09b9a94f-9865-4d45-9dde-1bf3d2c113ae-2217194b-1ffb-4521-a301-1a6e140d98c9-StreamThread-1] INFO org.apache.kafka.streams.processor.internals.StoreChangelogReader - stream-thread [09b9a94f-9865-4d45-9dde-1bf3d2c113ae-2217194b-1ffb-4521-a301-1a6e140d98c9-StreamThread-1] Finished restoring changelog 09b9a94f-9865-4d45-9dde-1bf3d2c113ae-join1-annot-a704c705-ca1f-4cfe-abcc-01723267e75e-changelog-0 to store join1-annot-a704c705-ca1f-4cfe-abcc-01723267e75e with a total number of 0 records
[09b9a94f-9865-4d45-9dde-1bf3d2c113ae-2217194b-1ffb-4521-a301-1a6e140d98c9-StreamThread-1] INFO org.apache.kafka.streams.processor.internals.StoreChangelogReader - stream-thread [09b9a94f-9865-4d45-9dde-1bf3d2c113ae-2217194b-1ffb-4521-a301-1a6e140d98c9-StreamThread-1] Finished restoring changelog 09b9a94f-9865-4d45-9dde-1bf3d2c113ae-join2-annot-40834f2d-3afe-4075-945d-48116326351b-changelog-0 to store join2-annot-40834f2d-3afe-4075-945d-48116326351b with a total number of 0 records
[09b9a94f-9865-4d45-9dde-1bf3d2c113ae-2217194b-1ffb-4521-a301-1a6e140d98c9-StreamThread-1] INFO org.apache.kafka.streams.processor.internals.StoreChangelogReader - stream-thread [09b9a94f-9865-4d45-9dde-1bf3d2c113ae-2217194b-1ffb-4521-a301-1a6e140d98c9-StreamThread-1] Finished restoring changelog 09b9a94f-9865-4d45-9dde-1bf3d2c113ae-join2bc57be0a-f5aa-4588-a105-381407379d97-changelog-0 to store join2bc57be0a-f5aa-4588-a105-381407379d97 with a total number of 0 records
[09b9a94f-9865-4d45-9dde-1bf3d2c113ae-2217194b-1ffb-4521-a301-1a6e140d98c9-StreamThread-1] INFO org.apache.kafka.clients.consumer.internals.SubscriptionState - [Consumer clientId=09b9a94f-9865-4d45-9dde-1bf3d2c113ae-2217194b-1ffb-4521-a301-1a6e140d98c9-StreamThread-1-consumer, groupId=09b9a94f-9865-4d45-9dde-1bf3d2c113ae] Resetting offset for partition 09b9a94f-9865-4d45-9dde-1bf3d2c113ae-reduce-annot-state-store09b9a94f-9865-4d45-9dde-1bf3d2c113ae-repartition-0 to position FetchPosition{offset=0, offsetEpoch=Optional.empty, currentLeader=LeaderAndEpoch{leader=Optional[127.0.0.1:9092 (id: 0 rack: null)], epoch=0}}.
[09b9a94f-9865-4d45-9dde-1bf3d2c113ae-2217194b-1ffb-4521-a301-1a6e140d98c9-StreamThread-1] INFO org.apache.kafka.clients.consumer.internals.SubscriptionState - [Consumer clientId=09b9a94f-9865-4d45-9dde-1bf3d2c113ae-2217194b-1ffb-4521-a301-1a6e140d98c9-StreamThread-1-consumer, groupId=09b9a94f-9865-4d45-9dde-1bf3d2c113ae] Resetting offset for partition stocks-nrecords-25000000-0 to position FetchPosition{offset=0, offsetEpoch=Optional.empty, currentLeader=LeaderAndEpoch{leader=Optional[127.0.0.1:9092 (id: 0 rack: null)], epoch=0}}.
[09b9a94f-9865-4d45-9dde-1bf3d2c113ae-2217194b-1ffb-4521-a301-1a6e140d98c9-StreamThread-1] INFO org.apache.kafka.clients.consumer.internals.SubscriptionState - [Consumer clientId=09b9a94f-9865-4d45-9dde-1bf3d2c113ae-2217194b-1ffb-4521-a301-1a6e140d98c9-StreamThread-1-consumer, groupId=09b9a94f-9865-4d45-9dde-1bf3d2c113ae] Resetting offset for partition 09b9a94f-9865-4d45-9dde-1bf3d2c113ae-KSTREAM-KEY-SELECT-0000000014-repartition-0 to position FetchPosition{offset=0, offsetEpoch=Optional.empty, currentLeader=LeaderAndEpoch{leader=Optional[127.0.0.1:9092 (id: 0 rack: null)], epoch=0}}.
[09b9a94f-9865-4d45-9dde-1bf3d2c113ae-2217194b-1ffb-4521-a301-1a6e140d98c9-StreamThread-1] INFO org.apache.kafka.clients.consumer.internals.ConsumerCoordinator - [Consumer clientId=09b9a94f-9865-4d45-9dde-1bf3d2c113ae-2217194b-1ffb-4521-a301-1a6e140d98c9-StreamThread-1-consumer, groupId=09b9a94f-9865-4d45-9dde-1bf3d2c113ae] Found no committed offset for partition stocks-nrecords-25000000-0
[09b9a94f-9865-4d45-9dde-1bf3d2c113ae-2217194b-1ffb-4521-a301-1a6e140d98c9-StreamThread-1] INFO org.apache.kafka.streams.processor.internals.StreamTask - stream-thread [09b9a94f-9865-4d45-9dde-1bf3d2c113ae-2217194b-1ffb-4521-a301-1a6e140d98c9-StreamThread-1] task [0_0] Restored and ready to run
[09b9a94f-9865-4d45-9dde-1bf3d2c113ae-2217194b-1ffb-4521-a301-1a6e140d98c9-StreamThread-1] INFO org.apache.kafka.clients.consumer.internals.ConsumerCoordinator - [Consumer clientId=09b9a94f-9865-4d45-9dde-1bf3d2c113ae-2217194b-1ffb-4521-a301-1a6e140d98c9-StreamThread-1-consumer, groupId=09b9a94f-9865-4d45-9dde-1bf3d2c113ae] Found no committed offset for partition 09b9a94f-9865-4d45-9dde-1bf3d2c113ae-reduce-annot-state-store09b9a94f-9865-4d45-9dde-1bf3d2c113ae-repartition-0
[09b9a94f-9865-4d45-9dde-1bf3d2c113ae-2217194b-1ffb-4521-a301-1a6e140d98c9-StreamThread-1] INFO org.apache.kafka.streams.processor.internals.StreamTask - stream-thread [09b9a94f-9865-4d45-9dde-1bf3d2c113ae-2217194b-1ffb-4521-a301-1a6e140d98c9-StreamThread-1] task [1_0] Restored and ready to run
[09b9a94f-9865-4d45-9dde-1bf3d2c113ae-2217194b-1ffb-4521-a301-1a6e140d98c9-StreamThread-1] INFO org.apache.kafka.clients.consumer.internals.ConsumerCoordinator - [Consumer clientId=09b9a94f-9865-4d45-9dde-1bf3d2c113ae-2217194b-1ffb-4521-a301-1a6e140d98c9-StreamThread-1-consumer, groupId=09b9a94f-9865-4d45-9dde-1bf3d2c113ae] Found no committed offset for partition 09b9a94f-9865-4d45-9dde-1bf3d2c113ae-KSTREAM-KEY-SELECT-0000000014-repartition-0
[09b9a94f-9865-4d45-9dde-1bf3d2c113ae-2217194b-1ffb-4521-a301-1a6e140d98c9-StreamThread-1] INFO org.apache.kafka.streams.processor.internals.StreamTask - stream-thread [09b9a94f-9865-4d45-9dde-1bf3d2c113ae-2217194b-1ffb-4521-a301-1a6e140d98c9-StreamThread-1] task [2_0] Restored and ready to run
[09b9a94f-9865-4d45-9dde-1bf3d2c113ae-2217194b-1ffb-4521-a301-1a6e140d98c9-StreamThread-1] INFO org.apache.kafka.streams.processor.internals.StreamThread - stream-thread [09b9a94f-9865-4d45-9dde-1bf3d2c113ae-2217194b-1ffb-4521-a301-1a6e140d98c9-StreamThread-1] Restoration took 132 ms for all tasks [0_0, 1_0, 2_0]
[09b9a94f-9865-4d45-9dde-1bf3d2c113ae-2217194b-1ffb-4521-a301-1a6e140d98c9-StreamThread-1] INFO org.apache.kafka.streams.processor.internals.StreamThread - stream-thread [09b9a94f-9865-4d45-9dde-1bf3d2c113ae-2217194b-1ffb-4521-a301-1a6e140d98c9-StreamThread-1] State transition from PARTITIONS_ASSIGNED to RUNNING
[09b9a94f-9865-4d45-9dde-1bf3d2c113ae-2217194b-1ffb-4521-a301-1a6e140d98c9-StreamThread-1] INFO org.apache.kafka.streams.KafkaStreams - stream-client [09b9a94f-9865-4d45-9dde-1bf3d2c113ae-2217194b-1ffb-4521-a301-1a6e140d98c9] State transition from REBALANCING to RUNNING
[09b9a94f-9865-4d45-9dde-1bf3d2c113ae-2217194b-1ffb-4521-a301-1a6e140d98c9-StreamThread-1] INFO org.apache.kafka.clients.consumer.KafkaConsumer - [Consumer clientId=09b9a94f-9865-4d45-9dde-1bf3d2c113ae-2217194b-1ffb-4521-a301-1a6e140d98c9-StreamThread-1-consumer, groupId=09b9a94f-9865-4d45-9dde-1bf3d2c113ae] Requesting the log end offset for stocks-nrecords-25000000-0 in order to compute lag
[09b9a94f-9865-4d45-9dde-1bf3d2c113ae-2217194b-1ffb-4521-a301-1a6e140d98c9-StreamThread-1] INFO org.apache.kafka.clients.consumer.KafkaConsumer - [Consumer clientId=09b9a94f-9865-4d45-9dde-1bf3d2c113ae-2217194b-1ffb-4521-a301-1a6e140d98c9-StreamThread-1-consumer, groupId=09b9a94f-9865-4d45-9dde-1bf3d2c113ae] Requesting the log end offset for 09b9a94f-9865-4d45-9dde-1bf3d2c113ae-reduce-annot-state-store09b9a94f-9865-4d45-9dde-1bf3d2c113ae-repartition-0 in order to compute lag
[09b9a94f-9865-4d45-9dde-1bf3d2c113ae-2217194b-1ffb-4521-a301-1a6e140d98c9-StreamThread-1] INFO org.apache.kafka.clients.consumer.KafkaConsumer - [Consumer clientId=09b9a94f-9865-4d45-9dde-1bf3d2c113ae-2217194b-1ffb-4521-a301-1a6e140d98c9-StreamThread-1-consumer, groupId=09b9a94f-9865-4d45-9dde-1bf3d2c113ae] Requesting the log end offset for 09b9a94f-9865-4d45-9dde-1bf3d2c113ae-KSTREAM-KEY-SELECT-0000000014-repartition-0 in order to compute lag
[kafka-producer-network-thread | 09b9a94f-9865-4d45-9dde-1bf3d2c113ae-2217194b-1ffb-4521-a301-1a6e140d98c9-StreamThread-1-producer] INFO org.apache.kafka.clients.Metadata - [Producer clientId=09b9a94f-9865-4d45-9dde-1bf3d2c113ae-2217194b-1ffb-4521-a301-1a6e140d98c9-StreamThread-1-producer] Resetting the last seen epoch of partition 09b9a94f-9865-4d45-9dde-1bf3d2c113ae-join1-annot-a704c705-ca1f-4cfe-abcc-01723267e75e-changelog-0 to 0 since the associated topicId changed from null to zG1BSq3sRdKjHd-dP5raXA
[kafka-producer-network-thread | 09b9a94f-9865-4d45-9dde-1bf3d2c113ae-2217194b-1ffb-4521-a301-1a6e140d98c9-StreamThread-1-producer] INFO org.apache.kafka.clients.Metadata - [Producer clientId=09b9a94f-9865-4d45-9dde-1bf3d2c113ae-2217194b-1ffb-4521-a301-1a6e140d98c9-StreamThread-1-producer] Resetting the last seen epoch of partition 09b9a94f-9865-4d45-9dde-1bf3d2c113ae-reduce-annot-state-store09b9a94f-9865-4d45-9dde-1bf3d2c113ae-repartition-0 to 0 since the associated topicId changed from null to JshWvqtgQyeI3f9GjO8KyQ
[kafka-producer-network-thread | 09b9a94f-9865-4d45-9dde-1bf3d2c113ae-2217194b-1ffb-4521-a301-1a6e140d98c9-StreamThread-1-producer] INFO org.apache.kafka.clients.Metadata - [Producer clientId=09b9a94f-9865-4d45-9dde-1bf3d2c113ae-2217194b-1ffb-4521-a301-1a6e140d98c9-StreamThread-1-producer] Resetting the last seen epoch of partition 09b9a94f-9865-4d45-9dde-1bf3d2c113ae-join2-annot-40834f2d-3afe-4075-945d-48116326351b-changelog-0 to 0 since the associated topicId changed from null to Fn3CxFQfQDWbIuPAeo4DUA
[kafka-producer-network-thread | 09b9a94f-9865-4d45-9dde-1bf3d2c113ae-2217194b-1ffb-4521-a301-1a6e140d98c9-StreamThread-1-producer] INFO org.apache.kafka.clients.Metadata - [Producer clientId=09b9a94f-9865-4d45-9dde-1bf3d2c113ae-2217194b-1ffb-4521-a301-1a6e140d98c9-StreamThread-1-producer] Resetting the last seen epoch of partition 09b9a94f-9865-4d45-9dde-1bf3d2c113ae-reduce-annot-state-store09b9a94f-9865-4d45-9dde-1bf3d2c113ae-changelog-0 to 0 since the associated topicId changed from null to cJo-UsIoQUGPVEfotOzwKA
[kafka-producer-network-thread | 09b9a94f-9865-4d45-9dde-1bf3d2c113ae-2217194b-1ffb-4521-a301-1a6e140d98c9-StreamThread-1-producer] INFO org.apache.kafka.clients.Metadata - [Producer clientId=09b9a94f-9865-4d45-9dde-1bf3d2c113ae-2217194b-1ffb-4521-a301-1a6e140d98c9-StreamThread-1-producer] Resetting the last seen epoch of partition 09b9a94f-9865-4d45-9dde-1bf3d2c113ae-KSTREAM-KEY-SELECT-0000000014-repartition-0 to 0 since the associated topicId changed from null to G-EzhJXkTtWUpi7idZ2M0A
[kafka-producer-network-thread | 09b9a94f-9865-4d45-9dde-1bf3d2c113ae-2217194b-1ffb-4521-a301-1a6e140d98c9-StreamThread-1-producer] INFO org.apache.kafka.clients.Metadata - [Producer clientId=09b9a94f-9865-4d45-9dde-1bf3d2c113ae-2217194b-1ffb-4521-a301-1a6e140d98c9-StreamThread-1-producer] Resetting the last seen epoch of partition 09b9a94f-9865-4d45-9dde-1bf3d2c113ae-join13fe47ec0-6d43-49bc-ba4a-d06a8014b628-changelog-0 to 0 since the associated topicId changed from null to fD0fv5yJTl6r7qoojkJLWA
[kafka-producer-network-thread | 09b9a94f-9865-4d45-9dde-1bf3d2c113ae-2217194b-1ffb-4521-a301-1a6e140d98c9-StreamThread-1-producer] INFO org.apache.kafka.clients.Metadata - [Producer clientId=09b9a94f-9865-4d45-9dde-1bf3d2c113ae-2217194b-1ffb-4521-a301-1a6e140d98c9-StreamThread-1-producer] Resetting the last seen epoch of partition 09b9a94f-9865-4d45-9dde-1bf3d2c113ae-join2bc57be0a-f5aa-4588-a105-381407379d97-changelog-0 to 0 since the associated topicId changed from null to CS6RLbI4TBKMq1UDYKJLzQ
[09b9a94f-9865-4d45-9dde-1bf3d2c113ae-2217194b-1ffb-4521-a301-1a6e140d98c9-StreamThread-1] INFO org.apache.kafka.streams.KafkaStreams - stream-client [09b9a94f-9865-4d45-9dde-1bf3d2c113ae-2217194b-1ffb-4521-a301-1a6e140d98c9] State transition from RUNNING to PENDING_SHUTDOWN
