[main] INFO org.apache.kafka.streams.StreamsConfig - StreamsConfig values: 
	acceptable.recovery.lag = 10000
	application.id = 58e68455-f03e-47a8-8291-226286447814
	application.server = 
	bootstrap.servers = [localhost:9092]
	buffered.records.per.partition = 1000
	built.in.metrics.version = latest
	cache.max.bytes.buffering = 10485760
	client.id = 
	commit.interval.ms = 30000
	connections.max.idle.ms = 540000
	default.deserialization.exception.handler = class org.apache.kafka.streams.errors.LogAndFailExceptionHandler
	default.dsl.store = rocksDB
	default.key.serde = class org.apache.kafka.common.serialization.Serdes$StringSerde
	default.list.key.serde.inner = null
	default.list.key.serde.type = null
	default.list.value.serde.inner = null
	default.list.value.serde.type = null
	default.production.exception.handler = class org.apache.kafka.streams.errors.DefaultProductionExceptionHandler
	default.timestamp.extractor = class org.apache.kafka.streams.processor.FailOnInvalidTimestamp
	default.value.serde = class stocks.StockSerde
	max.task.idle.ms = 0
	max.warmup.replicas = 2
	metadata.max.age.ms = 300000
	metric.reporters = []
	metrics.num.samples = 2
	metrics.recording.level = INFO
	metrics.sample.window.ms = 30000
	num.standby.replicas = 0
	num.stream.threads = 1
	poll.ms = 100
	probing.rebalance.interval.ms = 600000
	processing.guarantee = at_least_once
	rack.aware.assignment.tags = []
	receive.buffer.bytes = 32768
	reconnect.backoff.max.ms = 1000
	reconnect.backoff.ms = 50
	repartition.purge.interval.ms = 30000
	replication.factor = -1
	request.timeout.ms = 40000
	retries = 0
	retry.backoff.ms = 100
	rocksdb.config.setter = null
	security.protocol = PLAINTEXT
	send.buffer.bytes = 131072
	state.cleanup.delay.ms = 600000
	state.dir = /var/folders/3s/wqyxzyms7hd5vhh6kqtkrkw00000gq/T//kafka-streams
	task.timeout.ms = 300000
	topology.optimization = none
	upgrade.from = null
	window.size.ms = null
	windowed.inner.class.serde = null
	windowstore.changelog.additional.retention.ms = 86400000

[main] INFO org.apache.kafka.clients.admin.AdminClientConfig - AdminClientConfig values: 
	bootstrap.servers = [localhost:9092]
	client.dns.lookup = use_all_dns_ips
	client.id = 58e68455-f03e-47a8-8291-226286447814-71d84d7b-df82-43c0-a65d-44a394e0a64a-admin
	connections.max.idle.ms = 300000
	default.api.timeout.ms = 60000
	metadata.max.age.ms = 300000
	metric.reporters = []
	metrics.num.samples = 2
	metrics.recording.level = INFO
	metrics.sample.window.ms = 30000
	receive.buffer.bytes = 65536
	reconnect.backoff.max.ms = 1000
	reconnect.backoff.ms = 50
	request.timeout.ms = 30000
	retries = 2147483647
	retry.backoff.ms = 100
	sasl.client.callback.handler.class = null
	sasl.jaas.config = null
	sasl.kerberos.kinit.cmd = /usr/bin/kinit
	sasl.kerberos.min.time.before.relogin = 60000
	sasl.kerberos.service.name = null
	sasl.kerberos.ticket.renew.jitter = 0.05
	sasl.kerberos.ticket.renew.window.factor = 0.8
	sasl.login.callback.handler.class = null
	sasl.login.class = null
	sasl.login.connect.timeout.ms = null
	sasl.login.read.timeout.ms = null
	sasl.login.refresh.buffer.seconds = 300
	sasl.login.refresh.min.period.seconds = 60
	sasl.login.refresh.window.factor = 0.8
	sasl.login.refresh.window.jitter = 0.05
	sasl.login.retry.backoff.max.ms = 10000
	sasl.login.retry.backoff.ms = 100
	sasl.mechanism = GSSAPI
	sasl.oauthbearer.clock.skew.seconds = 30
	sasl.oauthbearer.expected.audience = null
	sasl.oauthbearer.expected.issuer = null
	sasl.oauthbearer.jwks.endpoint.refresh.ms = 3600000
	sasl.oauthbearer.jwks.endpoint.retry.backoff.max.ms = 10000
	sasl.oauthbearer.jwks.endpoint.retry.backoff.ms = 100
	sasl.oauthbearer.jwks.endpoint.url = null
	sasl.oauthbearer.scope.claim.name = scope
	sasl.oauthbearer.sub.claim.name = sub
	sasl.oauthbearer.token.endpoint.url = null
	security.protocol = PLAINTEXT
	security.providers = null
	send.buffer.bytes = 131072
	socket.connection.setup.timeout.max.ms = 30000
	socket.connection.setup.timeout.ms = 10000
	ssl.cipher.suites = null
	ssl.enabled.protocols = [TLSv1.2, TLSv1.3]
	ssl.endpoint.identification.algorithm = https
	ssl.engine.factory.class = null
	ssl.key.password = null
	ssl.keymanager.algorithm = SunX509
	ssl.keystore.certificate.chain = null
	ssl.keystore.key = null
	ssl.keystore.location = null
	ssl.keystore.password = null
	ssl.keystore.type = JKS
	ssl.protocol = TLSv1.3
	ssl.provider = null
	ssl.secure.random.implementation = null
	ssl.trustmanager.algorithm = PKIX
	ssl.truststore.certificates = null
	ssl.truststore.location = null
	ssl.truststore.password = null
	ssl.truststore.type = JKS

[main] WARN org.apache.kafka.clients.admin.AdminClientConfig - The configuration 'experiment.resultfile.directory' was supplied but isn't a known config.
[main] WARN org.apache.kafka.clients.admin.AdminClientConfig - The configuration 'experiment.window.slide' was supplied but isn't a known config.
[main] WARN org.apache.kafka.clients.admin.AdminClientConfig - The configuration 'topic.segment.ms' was supplied but isn't a known config.
[main] WARN org.apache.kafka.clients.admin.AdminClientConfig - The configuration 'experiment.constraint.strictness' was supplied but isn't a known config.
[main] WARN org.apache.kafka.clients.admin.AdminClientConfig - The configuration 'topic.segment.bytes' was supplied but isn't a known config.
[main] WARN org.apache.kafka.clients.admin.AdminClientConfig - The configuration 'experiment.resultfile.suffix' was supplied but isn't a known config.
[main] WARN org.apache.kafka.clients.admin.AdminClientConfig - The configuration 'experiment.events.granularity' was supplied but isn't a known config.
[main] WARN org.apache.kafka.clients.admin.AdminClientConfig - The configuration 'experiment.inconsistency.percentage' was supplied but isn't a known config.
[main] WARN org.apache.kafka.clients.admin.AdminClientConfig - The configuration 'experiment.window.size' was supplied but isn't a known config.
[main] WARN org.apache.kafka.clients.admin.AdminClientConfig - The configuration 'experiment.events.max' was supplied but isn't a known config.
[main] INFO org.apache.kafka.common.utils.AppInfoParser - Kafka version: 3.2.2
[main] INFO org.apache.kafka.common.utils.AppInfoParser - Kafka commitId: 38c22ad893fb6cf5
[main] INFO org.apache.kafka.common.utils.AppInfoParser - Kafka startTimeMs: 1684615717213
[main] INFO org.apache.kafka.streams.KafkaStreams - stream-client [58e68455-f03e-47a8-8291-226286447814-71d84d7b-df82-43c0-a65d-44a394e0a64a] Kafka Streams version: 3.2.2
[main] INFO org.apache.kafka.streams.KafkaStreams - stream-client [58e68455-f03e-47a8-8291-226286447814-71d84d7b-df82-43c0-a65d-44a394e0a64a] Kafka Streams commit ID: 38c22ad893fb6cf5
[main] INFO org.apache.kafka.streams.processor.internals.StreamThread - stream-thread [58e68455-f03e-47a8-8291-226286447814-71d84d7b-df82-43c0-a65d-44a394e0a64a-StreamThread-1] Creating restore consumer client
[main] INFO org.apache.kafka.clients.consumer.ConsumerConfig - ConsumerConfig values: 
	allow.auto.create.topics = true
	auto.commit.interval.ms = 5000
	auto.offset.reset = none
	bootstrap.servers = [localhost:9092]
	check.crcs = true
	client.dns.lookup = use_all_dns_ips
	client.id = 58e68455-f03e-47a8-8291-226286447814-71d84d7b-df82-43c0-a65d-44a394e0a64a-StreamThread-1-restore-consumer
	client.rack = 
	connections.max.idle.ms = 540000
	default.api.timeout.ms = 60000
	enable.auto.commit = false
	exclude.internal.topics = true
	fetch.max.bytes = 52428800
	fetch.max.wait.ms = 500
	fetch.min.bytes = 1
	group.id = null
	group.instance.id = null
	heartbeat.interval.ms = 3000
	interceptor.classes = []
	internal.leave.group.on.close = false
	internal.throw.on.fetch.stable.offset.unsupported = false
	isolation.level = read_uncommitted
	key.deserializer = class org.apache.kafka.common.serialization.ByteArrayDeserializer
	max.partition.fetch.bytes = 1048576
	max.poll.interval.ms = 300000
	max.poll.records = 1000
	metadata.max.age.ms = 300000
	metric.reporters = []
	metrics.num.samples = 2
	metrics.recording.level = INFO
	metrics.sample.window.ms = 30000
	partition.assignment.strategy = [class org.apache.kafka.clients.consumer.RangeAssignor, class org.apache.kafka.clients.consumer.CooperativeStickyAssignor]
	receive.buffer.bytes = 65536
	reconnect.backoff.max.ms = 1000
	reconnect.backoff.ms = 50
	request.timeout.ms = 30000
	retry.backoff.ms = 100
	sasl.client.callback.handler.class = null
	sasl.jaas.config = null
	sasl.kerberos.kinit.cmd = /usr/bin/kinit
	sasl.kerberos.min.time.before.relogin = 60000
	sasl.kerberos.service.name = null
	sasl.kerberos.ticket.renew.jitter = 0.05
	sasl.kerberos.ticket.renew.window.factor = 0.8
	sasl.login.callback.handler.class = null
	sasl.login.class = null
	sasl.login.connect.timeout.ms = null
	sasl.login.read.timeout.ms = null
	sasl.login.refresh.buffer.seconds = 300
	sasl.login.refresh.min.period.seconds = 60
	sasl.login.refresh.window.factor = 0.8
	sasl.login.refresh.window.jitter = 0.05
	sasl.login.retry.backoff.max.ms = 10000
	sasl.login.retry.backoff.ms = 100
	sasl.mechanism = GSSAPI
	sasl.oauthbearer.clock.skew.seconds = 30
	sasl.oauthbearer.expected.audience = null
	sasl.oauthbearer.expected.issuer = null
	sasl.oauthbearer.jwks.endpoint.refresh.ms = 3600000
	sasl.oauthbearer.jwks.endpoint.retry.backoff.max.ms = 10000
	sasl.oauthbearer.jwks.endpoint.retry.backoff.ms = 100
	sasl.oauthbearer.jwks.endpoint.url = null
	sasl.oauthbearer.scope.claim.name = scope
	sasl.oauthbearer.sub.claim.name = sub
	sasl.oauthbearer.token.endpoint.url = null
	security.protocol = PLAINTEXT
	security.providers = null
	send.buffer.bytes = 131072
	session.timeout.ms = 45000
	socket.connection.setup.timeout.max.ms = 30000
	socket.connection.setup.timeout.ms = 10000
	ssl.cipher.suites = null
	ssl.enabled.protocols = [TLSv1.2, TLSv1.3]
	ssl.endpoint.identification.algorithm = https
	ssl.engine.factory.class = null
	ssl.key.password = null
	ssl.keymanager.algorithm = SunX509
	ssl.keystore.certificate.chain = null
	ssl.keystore.key = null
	ssl.keystore.location = null
	ssl.keystore.password = null
	ssl.keystore.type = JKS
	ssl.protocol = TLSv1.3
	ssl.provider = null
	ssl.secure.random.implementation = null
	ssl.trustmanager.algorithm = PKIX
	ssl.truststore.certificates = null
	ssl.truststore.location = null
	ssl.truststore.password = null
	ssl.truststore.type = JKS
	value.deserializer = class org.apache.kafka.common.serialization.ByteArrayDeserializer

[main] WARN org.apache.kafka.clients.consumer.ConsumerConfig - The configuration 'experiment.resultfile.directory' was supplied but isn't a known config.
[main] WARN org.apache.kafka.clients.consumer.ConsumerConfig - The configuration 'experiment.window.slide' was supplied but isn't a known config.
[main] WARN org.apache.kafka.clients.consumer.ConsumerConfig - The configuration 'topic.segment.ms' was supplied but isn't a known config.
[main] WARN org.apache.kafka.clients.consumer.ConsumerConfig - The configuration 'experiment.constraint.strictness' was supplied but isn't a known config.
[main] WARN org.apache.kafka.clients.consumer.ConsumerConfig - The configuration 'topic.segment.bytes' was supplied but isn't a known config.
[main] WARN org.apache.kafka.clients.consumer.ConsumerConfig - The configuration 'experiment.resultfile.suffix' was supplied but isn't a known config.
[main] WARN org.apache.kafka.clients.consumer.ConsumerConfig - The configuration 'experiment.events.granularity' was supplied but isn't a known config.
[main] WARN org.apache.kafka.clients.consumer.ConsumerConfig - The configuration 'experiment.inconsistency.percentage' was supplied but isn't a known config.
[main] WARN org.apache.kafka.clients.consumer.ConsumerConfig - The configuration 'experiment.window.size' was supplied but isn't a known config.
[main] WARN org.apache.kafka.clients.consumer.ConsumerConfig - The configuration 'experiment.events.max' was supplied but isn't a known config.
[main] INFO org.apache.kafka.common.utils.AppInfoParser - Kafka version: 3.2.2
[main] INFO org.apache.kafka.common.utils.AppInfoParser - Kafka commitId: 38c22ad893fb6cf5
[main] INFO org.apache.kafka.common.utils.AppInfoParser - Kafka startTimeMs: 1684615717233
[main] INFO org.apache.kafka.streams.processor.internals.StreamThread - stream-thread [58e68455-f03e-47a8-8291-226286447814-71d84d7b-df82-43c0-a65d-44a394e0a64a-StreamThread-1] Creating thread producer client
[main] INFO org.apache.kafka.clients.producer.ProducerConfig - ProducerConfig values: 
	acks = -1
	batch.size = 16384
	bootstrap.servers = [localhost:9092]
	buffer.memory = 33554432
	client.dns.lookup = use_all_dns_ips
	client.id = 58e68455-f03e-47a8-8291-226286447814-71d84d7b-df82-43c0-a65d-44a394e0a64a-StreamThread-1-producer
	compression.type = none
	connections.max.idle.ms = 540000
	delivery.timeout.ms = 120000
	enable.idempotence = true
	interceptor.classes = []
	key.serializer = class org.apache.kafka.common.serialization.ByteArraySerializer
	linger.ms = 100
	max.block.ms = 60000
	max.in.flight.requests.per.connection = 5
	max.request.size = 1048576
	metadata.max.age.ms = 300000
	metadata.max.idle.ms = 300000
	metric.reporters = []
	metrics.num.samples = 2
	metrics.recording.level = INFO
	metrics.sample.window.ms = 30000
	partitioner.class = class org.apache.kafka.clients.producer.internals.DefaultPartitioner
	receive.buffer.bytes = 32768
	reconnect.backoff.max.ms = 1000
	reconnect.backoff.ms = 50
	request.timeout.ms = 30000
	retries = 2147483647
	retry.backoff.ms = 100
	sasl.client.callback.handler.class = null
	sasl.jaas.config = null
	sasl.kerberos.kinit.cmd = /usr/bin/kinit
	sasl.kerberos.min.time.before.relogin = 60000
	sasl.kerberos.service.name = null
	sasl.kerberos.ticket.renew.jitter = 0.05
	sasl.kerberos.ticket.renew.window.factor = 0.8
	sasl.login.callback.handler.class = null
	sasl.login.class = null
	sasl.login.connect.timeout.ms = null
	sasl.login.read.timeout.ms = null
	sasl.login.refresh.buffer.seconds = 300
	sasl.login.refresh.min.period.seconds = 60
	sasl.login.refresh.window.factor = 0.8
	sasl.login.refresh.window.jitter = 0.05
	sasl.login.retry.backoff.max.ms = 10000
	sasl.login.retry.backoff.ms = 100
	sasl.mechanism = GSSAPI
	sasl.oauthbearer.clock.skew.seconds = 30
	sasl.oauthbearer.expected.audience = null
	sasl.oauthbearer.expected.issuer = null
	sasl.oauthbearer.jwks.endpoint.refresh.ms = 3600000
	sasl.oauthbearer.jwks.endpoint.retry.backoff.max.ms = 10000
	sasl.oauthbearer.jwks.endpoint.retry.backoff.ms = 100
	sasl.oauthbearer.jwks.endpoint.url = null
	sasl.oauthbearer.scope.claim.name = scope
	sasl.oauthbearer.sub.claim.name = sub
	sasl.oauthbearer.token.endpoint.url = null
	security.protocol = PLAINTEXT
	security.providers = null
	send.buffer.bytes = 131072
	socket.connection.setup.timeout.max.ms = 30000
	socket.connection.setup.timeout.ms = 10000
	ssl.cipher.suites = null
	ssl.enabled.protocols = [TLSv1.2, TLSv1.3]
	ssl.endpoint.identification.algorithm = https
	ssl.engine.factory.class = null
	ssl.key.password = null
	ssl.keymanager.algorithm = SunX509
	ssl.keystore.certificate.chain = null
	ssl.keystore.key = null
	ssl.keystore.location = null
	ssl.keystore.password = null
	ssl.keystore.type = JKS
	ssl.protocol = TLSv1.3
	ssl.provider = null
	ssl.secure.random.implementation = null
	ssl.trustmanager.algorithm = PKIX
	ssl.truststore.certificates = null
	ssl.truststore.location = null
	ssl.truststore.password = null
	ssl.truststore.type = JKS
	transaction.timeout.ms = 60000
	transactional.id = null
	value.serializer = class org.apache.kafka.common.serialization.ByteArraySerializer

[main] INFO org.apache.kafka.clients.producer.KafkaProducer - [Producer clientId=58e68455-f03e-47a8-8291-226286447814-71d84d7b-df82-43c0-a65d-44a394e0a64a-StreamThread-1-producer] Instantiated an idempotent producer.
[main] WARN org.apache.kafka.clients.producer.ProducerConfig - The configuration 'experiment.resultfile.directory' was supplied but isn't a known config.
[main] WARN org.apache.kafka.clients.producer.ProducerConfig - The configuration 'experiment.window.slide' was supplied but isn't a known config.
[main] WARN org.apache.kafka.clients.producer.ProducerConfig - The configuration 'topic.segment.ms' was supplied but isn't a known config.
[main] WARN org.apache.kafka.clients.producer.ProducerConfig - The configuration 'experiment.constraint.strictness' was supplied but isn't a known config.
[main] WARN org.apache.kafka.clients.producer.ProducerConfig - The configuration 'topic.segment.bytes' was supplied but isn't a known config.
[main] WARN org.apache.kafka.clients.producer.ProducerConfig - The configuration 'experiment.resultfile.suffix' was supplied but isn't a known config.
[main] WARN org.apache.kafka.clients.producer.ProducerConfig - The configuration 'experiment.events.granularity' was supplied but isn't a known config.
[main] WARN org.apache.kafka.clients.producer.ProducerConfig - The configuration 'experiment.inconsistency.percentage' was supplied but isn't a known config.
[main] WARN org.apache.kafka.clients.producer.ProducerConfig - The configuration 'experiment.window.size' was supplied but isn't a known config.
[main] WARN org.apache.kafka.clients.producer.ProducerConfig - The configuration 'experiment.events.max' was supplied but isn't a known config.
[main] INFO org.apache.kafka.common.utils.AppInfoParser - Kafka version: 3.2.2
[main] INFO org.apache.kafka.common.utils.AppInfoParser - Kafka commitId: 38c22ad893fb6cf5
[main] INFO org.apache.kafka.common.utils.AppInfoParser - Kafka startTimeMs: 1684615717246
[main] INFO org.apache.kafka.streams.processor.internals.StreamThread - stream-thread [58e68455-f03e-47a8-8291-226286447814-71d84d7b-df82-43c0-a65d-44a394e0a64a-StreamThread-1] Creating consumer client
[main] INFO org.apache.kafka.clients.consumer.ConsumerConfig - ConsumerConfig values: 
	allow.auto.create.topics = false
	auto.commit.interval.ms = 5000
	auto.offset.reset = none
	bootstrap.servers = [localhost:9092]
	check.crcs = true
	client.dns.lookup = use_all_dns_ips
	client.id = 58e68455-f03e-47a8-8291-226286447814-71d84d7b-df82-43c0-a65d-44a394e0a64a-StreamThread-1-consumer
	client.rack = 
	connections.max.idle.ms = 540000
	default.api.timeout.ms = 60000
	enable.auto.commit = false
	exclude.internal.topics = true
	fetch.max.bytes = 52428800
	fetch.max.wait.ms = 500
	fetch.min.bytes = 1
	group.id = 58e68455-f03e-47a8-8291-226286447814
	group.instance.id = null
	heartbeat.interval.ms = 3000
	interceptor.classes = []
	internal.leave.group.on.close = false
	internal.throw.on.fetch.stable.offset.unsupported = false
	isolation.level = read_uncommitted
	key.deserializer = class org.apache.kafka.common.serialization.ByteArrayDeserializer
	max.partition.fetch.bytes = 1048576
	max.poll.interval.ms = 300000
	max.poll.records = 1000
	metadata.max.age.ms = 300000
	metric.reporters = []
	metrics.num.samples = 2
	metrics.recording.level = INFO
	metrics.sample.window.ms = 30000
	partition.assignment.strategy = [org.apache.kafka.streams.processor.internals.StreamsPartitionAssignor]
	receive.buffer.bytes = 65536
	reconnect.backoff.max.ms = 1000
	reconnect.backoff.ms = 50
	request.timeout.ms = 30000
	retry.backoff.ms = 100
	sasl.client.callback.handler.class = null
	sasl.jaas.config = null
	sasl.kerberos.kinit.cmd = /usr/bin/kinit
	sasl.kerberos.min.time.before.relogin = 60000
	sasl.kerberos.service.name = null
	sasl.kerberos.ticket.renew.jitter = 0.05
	sasl.kerberos.ticket.renew.window.factor = 0.8
	sasl.login.callback.handler.class = null
	sasl.login.class = null
	sasl.login.connect.timeout.ms = null
	sasl.login.read.timeout.ms = null
	sasl.login.refresh.buffer.seconds = 300
	sasl.login.refresh.min.period.seconds = 60
	sasl.login.refresh.window.factor = 0.8
	sasl.login.refresh.window.jitter = 0.05
	sasl.login.retry.backoff.max.ms = 10000
	sasl.login.retry.backoff.ms = 100
	sasl.mechanism = GSSAPI
	sasl.oauthbearer.clock.skew.seconds = 30
	sasl.oauthbearer.expected.audience = null
	sasl.oauthbearer.expected.issuer = null
	sasl.oauthbearer.jwks.endpoint.refresh.ms = 3600000
	sasl.oauthbearer.jwks.endpoint.retry.backoff.max.ms = 10000
	sasl.oauthbearer.jwks.endpoint.retry.backoff.ms = 100
	sasl.oauthbearer.jwks.endpoint.url = null
	sasl.oauthbearer.scope.claim.name = scope
	sasl.oauthbearer.sub.claim.name = sub
	sasl.oauthbearer.token.endpoint.url = null
	security.protocol = PLAINTEXT
	security.providers = null
	send.buffer.bytes = 131072
	session.timeout.ms = 45000
	socket.connection.setup.timeout.max.ms = 30000
	socket.connection.setup.timeout.ms = 10000
	ssl.cipher.suites = null
	ssl.enabled.protocols = [TLSv1.2, TLSv1.3]
	ssl.endpoint.identification.algorithm = https
	ssl.engine.factory.class = null
	ssl.key.password = null
	ssl.keymanager.algorithm = SunX509
	ssl.keystore.certificate.chain = null
	ssl.keystore.key = null
	ssl.keystore.location = null
	ssl.keystore.password = null
	ssl.keystore.type = JKS
	ssl.protocol = TLSv1.3
	ssl.provider = null
	ssl.secure.random.implementation = null
	ssl.trustmanager.algorithm = PKIX
	ssl.truststore.certificates = null
	ssl.truststore.location = null
	ssl.truststore.password = null
	ssl.truststore.type = JKS
	value.deserializer = class org.apache.kafka.common.serialization.ByteArrayDeserializer

[main] INFO org.apache.kafka.streams.processor.internals.assignment.AssignorConfiguration - stream-thread [58e68455-f03e-47a8-8291-226286447814-71d84d7b-df82-43c0-a65d-44a394e0a64a-StreamThread-1-consumer] Cooperative rebalancing protocol is enabled now
[main] WARN org.apache.kafka.clients.consumer.ConsumerConfig - The configuration 'experiment.window.slide' was supplied but isn't a known config.
[main] WARN org.apache.kafka.clients.consumer.ConsumerConfig - The configuration 'topic.segment.bytes' was supplied but isn't a known config.
[main] WARN org.apache.kafka.clients.consumer.ConsumerConfig - The configuration 'experiment.events.granularity' was supplied but isn't a known config.
[main] WARN org.apache.kafka.clients.consumer.ConsumerConfig - The configuration 'experiment.inconsistency.percentage' was supplied but isn't a known config.
[main] WARN org.apache.kafka.clients.consumer.ConsumerConfig - The configuration 'experiment.window.size' was supplied but isn't a known config.
[main] WARN org.apache.kafka.clients.consumer.ConsumerConfig - The configuration 'experiment.events.max' was supplied but isn't a known config.
[main] WARN org.apache.kafka.clients.consumer.ConsumerConfig - The configuration 'experiment.resultfile.directory' was supplied but isn't a known config.
[main] WARN org.apache.kafka.clients.consumer.ConsumerConfig - The configuration 'topic.segment.ms' was supplied but isn't a known config.
[main] WARN org.apache.kafka.clients.consumer.ConsumerConfig - The configuration 'experiment.constraint.strictness' was supplied but isn't a known config.
[main] WARN org.apache.kafka.clients.consumer.ConsumerConfig - The configuration 'experiment.resultfile.suffix' was supplied but isn't a known config.
[main] INFO org.apache.kafka.common.utils.AppInfoParser - Kafka version: 3.2.2
[main] INFO org.apache.kafka.common.utils.AppInfoParser - Kafka commitId: 38c22ad893fb6cf5
[main] INFO org.apache.kafka.common.utils.AppInfoParser - Kafka startTimeMs: 1684615717261
[main] INFO org.apache.kafka.streams.KafkaStreams - stream-client [58e68455-f03e-47a8-8291-226286447814-71d84d7b-df82-43c0-a65d-44a394e0a64a] State transition from CREATED to REBALANCING
[58e68455-f03e-47a8-8291-226286447814-71d84d7b-df82-43c0-a65d-44a394e0a64a-StreamThread-1] INFO org.apache.kafka.streams.processor.internals.StreamThread - stream-thread [58e68455-f03e-47a8-8291-226286447814-71d84d7b-df82-43c0-a65d-44a394e0a64a-StreamThread-1] Starting
[main] INFO org.apache.kafka.streams.KafkaStreams - stream-client [58e68455-f03e-47a8-8291-226286447814-71d84d7b-df82-43c0-a65d-44a394e0a64a] Started 1 stream threads
[58e68455-f03e-47a8-8291-226286447814-71d84d7b-df82-43c0-a65d-44a394e0a64a-StreamThread-1] INFO org.apache.kafka.streams.processor.internals.StreamThread - stream-thread [58e68455-f03e-47a8-8291-226286447814-71d84d7b-df82-43c0-a65d-44a394e0a64a-StreamThread-1] State transition from CREATED to STARTING
[58e68455-f03e-47a8-8291-226286447814-71d84d7b-df82-43c0-a65d-44a394e0a64a-StreamThread-1] INFO org.apache.kafka.clients.consumer.KafkaConsumer - [Consumer clientId=58e68455-f03e-47a8-8291-226286447814-71d84d7b-df82-43c0-a65d-44a394e0a64a-StreamThread-1-consumer, groupId=58e68455-f03e-47a8-8291-226286447814] Subscribed to topic(s): 58e68455-f03e-47a8-8291-226286447814-KSTREAM-KEY-SELECT-0000000001-repartition, stocks-nrecords-25000000
[58e68455-f03e-47a8-8291-226286447814-71d84d7b-df82-43c0-a65d-44a394e0a64a-StreamThread-1] WARN org.apache.kafka.clients.NetworkClient - [Consumer clientId=58e68455-f03e-47a8-8291-226286447814-71d84d7b-df82-43c0-a65d-44a394e0a64a-StreamThread-1-consumer, groupId=58e68455-f03e-47a8-8291-226286447814] Error while fetching metadata with correlation id 2 : {58e68455-f03e-47a8-8291-226286447814-KSTREAM-KEY-SELECT-0000000001-repartition=UNKNOWN_TOPIC_OR_PARTITION}
[kafka-producer-network-thread | 58e68455-f03e-47a8-8291-226286447814-71d84d7b-df82-43c0-a65d-44a394e0a64a-StreamThread-1-producer] INFO org.apache.kafka.clients.Metadata - [Producer clientId=58e68455-f03e-47a8-8291-226286447814-71d84d7b-df82-43c0-a65d-44a394e0a64a-StreamThread-1-producer] Cluster ID: -frP_4XCSb-IYYbbGXRghg
[kafka-producer-network-thread | 58e68455-f03e-47a8-8291-226286447814-71d84d7b-df82-43c0-a65d-44a394e0a64a-StreamThread-1-producer] INFO org.apache.kafka.clients.producer.internals.TransactionManager - [Producer clientId=58e68455-f03e-47a8-8291-226286447814-71d84d7b-df82-43c0-a65d-44a394e0a64a-StreamThread-1-producer] ProducerId set to 451 with epoch 0
[58e68455-f03e-47a8-8291-226286447814-71d84d7b-df82-43c0-a65d-44a394e0a64a-StreamThread-1] INFO org.apache.kafka.clients.Metadata - [Consumer clientId=58e68455-f03e-47a8-8291-226286447814-71d84d7b-df82-43c0-a65d-44a394e0a64a-StreamThread-1-consumer, groupId=58e68455-f03e-47a8-8291-226286447814] Resetting the last seen epoch of partition stocks-nrecords-25000000-0 to 0 since the associated topicId changed from null to VevXo5GPRZ2GqgILNzw5vQ
[58e68455-f03e-47a8-8291-226286447814-71d84d7b-df82-43c0-a65d-44a394e0a64a-StreamThread-1] INFO org.apache.kafka.clients.Metadata - [Consumer clientId=58e68455-f03e-47a8-8291-226286447814-71d84d7b-df82-43c0-a65d-44a394e0a64a-StreamThread-1-consumer, groupId=58e68455-f03e-47a8-8291-226286447814] Cluster ID: -frP_4XCSb-IYYbbGXRghg
[58e68455-f03e-47a8-8291-226286447814-71d84d7b-df82-43c0-a65d-44a394e0a64a-StreamThread-1] INFO org.apache.kafka.clients.consumer.internals.ConsumerCoordinator - [Consumer clientId=58e68455-f03e-47a8-8291-226286447814-71d84d7b-df82-43c0-a65d-44a394e0a64a-StreamThread-1-consumer, groupId=58e68455-f03e-47a8-8291-226286447814] Discovered group coordinator 127.0.0.1:9092 (id: 2147483647 rack: null)
[58e68455-f03e-47a8-8291-226286447814-71d84d7b-df82-43c0-a65d-44a394e0a64a-StreamThread-1] INFO org.apache.kafka.clients.consumer.internals.ConsumerCoordinator - [Consumer clientId=58e68455-f03e-47a8-8291-226286447814-71d84d7b-df82-43c0-a65d-44a394e0a64a-StreamThread-1-consumer, groupId=58e68455-f03e-47a8-8291-226286447814] (Re-)joining group
[58e68455-f03e-47a8-8291-226286447814-71d84d7b-df82-43c0-a65d-44a394e0a64a-StreamThread-1] INFO org.apache.kafka.clients.consumer.internals.ConsumerCoordinator - [Consumer clientId=58e68455-f03e-47a8-8291-226286447814-71d84d7b-df82-43c0-a65d-44a394e0a64a-StreamThread-1-consumer, groupId=58e68455-f03e-47a8-8291-226286447814] Request joining group due to: need to re-join with the given member-id: 58e68455-f03e-47a8-8291-226286447814-71d84d7b-df82-43c0-a65d-44a394e0a64a-StreamThread-1-consumer-00756e61-0643-46e0-8460-f376ba3a6c3e
[58e68455-f03e-47a8-8291-226286447814-71d84d7b-df82-43c0-a65d-44a394e0a64a-StreamThread-1] INFO org.apache.kafka.clients.consumer.internals.ConsumerCoordinator - [Consumer clientId=58e68455-f03e-47a8-8291-226286447814-71d84d7b-df82-43c0-a65d-44a394e0a64a-StreamThread-1-consumer, groupId=58e68455-f03e-47a8-8291-226286447814] Request joining group due to: rebalance failed due to 'The group member needs to have a valid member id before actually entering a consumer group.' (MemberIdRequiredException)
[58e68455-f03e-47a8-8291-226286447814-71d84d7b-df82-43c0-a65d-44a394e0a64a-StreamThread-1] INFO org.apache.kafka.clients.consumer.internals.ConsumerCoordinator - [Consumer clientId=58e68455-f03e-47a8-8291-226286447814-71d84d7b-df82-43c0-a65d-44a394e0a64a-StreamThread-1-consumer, groupId=58e68455-f03e-47a8-8291-226286447814] (Re-)joining group
[58e68455-f03e-47a8-8291-226286447814-71d84d7b-df82-43c0-a65d-44a394e0a64a-StreamThread-1] INFO org.apache.kafka.clients.consumer.internals.ConsumerCoordinator - [Consumer clientId=58e68455-f03e-47a8-8291-226286447814-71d84d7b-df82-43c0-a65d-44a394e0a64a-StreamThread-1-consumer, groupId=58e68455-f03e-47a8-8291-226286447814] Successfully joined group with generation Generation{generationId=1, memberId='58e68455-f03e-47a8-8291-226286447814-71d84d7b-df82-43c0-a65d-44a394e0a64a-StreamThread-1-consumer-00756e61-0643-46e0-8460-f376ba3a6c3e', protocol='stream'}
[58e68455-f03e-47a8-8291-226286447814-71d84d7b-df82-43c0-a65d-44a394e0a64a-StreamThread-1] WARN org.apache.kafka.clients.NetworkClient - [Consumer clientId=58e68455-f03e-47a8-8291-226286447814-71d84d7b-df82-43c0-a65d-44a394e0a64a-StreamThread-1-consumer, groupId=58e68455-f03e-47a8-8291-226286447814] Error while fetching metadata with correlation id 7 : {58e68455-f03e-47a8-8291-226286447814-KSTREAM-KEY-SELECT-0000000001-repartition=UNKNOWN_TOPIC_OR_PARTITION}
[58e68455-f03e-47a8-8291-226286447814-71d84d7b-df82-43c0-a65d-44a394e0a64a-StreamThread-1] INFO org.apache.kafka.streams.processor.internals.StreamsPartitionAssignor - stream-thread [58e68455-f03e-47a8-8291-226286447814-71d84d7b-df82-43c0-a65d-44a394e0a64a-StreamThread-1-consumer] All members participating in this rebalance: 
71d84d7b-df82-43c0-a65d-44a394e0a64a: [58e68455-f03e-47a8-8291-226286447814-71d84d7b-df82-43c0-a65d-44a394e0a64a-StreamThread-1-consumer-00756e61-0643-46e0-8460-f376ba3a6c3e].
[58e68455-f03e-47a8-8291-226286447814-71d84d7b-df82-43c0-a65d-44a394e0a64a-StreamThread-1] INFO org.apache.kafka.streams.processor.internals.assignment.HighAvailabilityTaskAssignor - Decided on assignment: {71d84d7b-df82-43c0-a65d-44a394e0a64a=[activeTasks: ([0_0, 1_0]) standbyTasks: ([]) prevActiveTasks: ([]) prevStandbyTasks: ([]) changelogOffsetTotalsByTask: ([]) taskLagTotals: ([1_0=0]) clientTags: ([]) capacity: 1 assigned: 2]} with no followup probing rebalance.
[58e68455-f03e-47a8-8291-226286447814-71d84d7b-df82-43c0-a65d-44a394e0a64a-StreamThread-1] INFO org.apache.kafka.streams.processor.internals.StreamsPartitionAssignor - stream-thread [58e68455-f03e-47a8-8291-226286447814-71d84d7b-df82-43c0-a65d-44a394e0a64a-StreamThread-1-consumer] Assigned tasks [1_0, 0_0] including stateful [1_0] to clients as: 
71d84d7b-df82-43c0-a65d-44a394e0a64a=[activeTasks: ([0_0, 1_0]) standbyTasks: ([])].
[58e68455-f03e-47a8-8291-226286447814-71d84d7b-df82-43c0-a65d-44a394e0a64a-StreamThread-1] INFO org.apache.kafka.streams.processor.internals.StreamsPartitionAssignor - stream-thread [58e68455-f03e-47a8-8291-226286447814-71d84d7b-df82-43c0-a65d-44a394e0a64a-StreamThread-1-consumer] Client 71d84d7b-df82-43c0-a65d-44a394e0a64a per-consumer assignment:
	prev owned active {}
	prev owned standby {58e68455-f03e-47a8-8291-226286447814-71d84d7b-df82-43c0-a65d-44a394e0a64a-StreamThread-1-consumer-00756e61-0643-46e0-8460-f376ba3a6c3e=[]}
	assigned active {58e68455-f03e-47a8-8291-226286447814-71d84d7b-df82-43c0-a65d-44a394e0a64a-StreamThread-1-consumer-00756e61-0643-46e0-8460-f376ba3a6c3e=[1_0, 0_0]}
	revoking active {}
	assigned standby {}

[58e68455-f03e-47a8-8291-226286447814-71d84d7b-df82-43c0-a65d-44a394e0a64a-StreamThread-1] INFO org.apache.kafka.streams.processor.internals.StreamsPartitionAssignor - stream-thread [58e68455-f03e-47a8-8291-226286447814-71d84d7b-df82-43c0-a65d-44a394e0a64a-StreamThread-1-consumer] Finished stable assignment of tasks, no followup rebalances required.
[58e68455-f03e-47a8-8291-226286447814-71d84d7b-df82-43c0-a65d-44a394e0a64a-StreamThread-1] INFO org.apache.kafka.clients.consumer.internals.ConsumerCoordinator - [Consumer clientId=58e68455-f03e-47a8-8291-226286447814-71d84d7b-df82-43c0-a65d-44a394e0a64a-StreamThread-1-consumer, groupId=58e68455-f03e-47a8-8291-226286447814] Finished assignment for group at generation 1: {58e68455-f03e-47a8-8291-226286447814-71d84d7b-df82-43c0-a65d-44a394e0a64a-StreamThread-1-consumer-00756e61-0643-46e0-8460-f376ba3a6c3e=Assignment(partitions=[58e68455-f03e-47a8-8291-226286447814-KSTREAM-KEY-SELECT-0000000001-repartition-0, stocks-nrecords-25000000-0], userDataSize=64)}
[58e68455-f03e-47a8-8291-226286447814-71d84d7b-df82-43c0-a65d-44a394e0a64a-StreamThread-1] INFO org.apache.kafka.clients.Metadata - [Consumer clientId=58e68455-f03e-47a8-8291-226286447814-71d84d7b-df82-43c0-a65d-44a394e0a64a-StreamThread-1-consumer, groupId=58e68455-f03e-47a8-8291-226286447814] Resetting the last seen epoch of partition 58e68455-f03e-47a8-8291-226286447814-KSTREAM-KEY-SELECT-0000000001-repartition-0 to 0 since the associated topicId changed from null to Bp8AsbSmTJCBqAVtHjtnLw
[58e68455-f03e-47a8-8291-226286447814-71d84d7b-df82-43c0-a65d-44a394e0a64a-StreamThread-1] INFO org.apache.kafka.streams.processor.internals.StreamThread - stream-thread [58e68455-f03e-47a8-8291-226286447814-71d84d7b-df82-43c0-a65d-44a394e0a64a-StreamThread-1] Processed 0 total records, ran 0 punctuators, and committed 0 total tasks since the last update
[58e68455-f03e-47a8-8291-226286447814-71d84d7b-df82-43c0-a65d-44a394e0a64a-StreamThread-1] INFO org.apache.kafka.clients.consumer.internals.ConsumerCoordinator - [Consumer clientId=58e68455-f03e-47a8-8291-226286447814-71d84d7b-df82-43c0-a65d-44a394e0a64a-StreamThread-1-consumer, groupId=58e68455-f03e-47a8-8291-226286447814] Successfully synced group in generation Generation{generationId=1, memberId='58e68455-f03e-47a8-8291-226286447814-71d84d7b-df82-43c0-a65d-44a394e0a64a-StreamThread-1-consumer-00756e61-0643-46e0-8460-f376ba3a6c3e', protocol='stream'}
[58e68455-f03e-47a8-8291-226286447814-71d84d7b-df82-43c0-a65d-44a394e0a64a-StreamThread-1] INFO org.apache.kafka.clients.consumer.internals.ConsumerCoordinator - [Consumer clientId=58e68455-f03e-47a8-8291-226286447814-71d84d7b-df82-43c0-a65d-44a394e0a64a-StreamThread-1-consumer, groupId=58e68455-f03e-47a8-8291-226286447814] Updating assignment with
	Assigned partitions:                       [58e68455-f03e-47a8-8291-226286447814-KSTREAM-KEY-SELECT-0000000001-repartition-0, stocks-nrecords-25000000-0]
	Current owned partitions:                  []
	Added partitions (assigned - owned):       [58e68455-f03e-47a8-8291-226286447814-KSTREAM-KEY-SELECT-0000000001-repartition-0, stocks-nrecords-25000000-0]
	Revoked partitions (owned - assigned):     []

[58e68455-f03e-47a8-8291-226286447814-71d84d7b-df82-43c0-a65d-44a394e0a64a-StreamThread-1] INFO org.apache.kafka.clients.consumer.internals.ConsumerCoordinator - [Consumer clientId=58e68455-f03e-47a8-8291-226286447814-71d84d7b-df82-43c0-a65d-44a394e0a64a-StreamThread-1-consumer, groupId=58e68455-f03e-47a8-8291-226286447814] Notifying assignor about the new Assignment(partitions=[58e68455-f03e-47a8-8291-226286447814-KSTREAM-KEY-SELECT-0000000001-repartition-0, stocks-nrecords-25000000-0], userDataSize=64)
[58e68455-f03e-47a8-8291-226286447814-71d84d7b-df82-43c0-a65d-44a394e0a64a-StreamThread-1] INFO org.apache.kafka.streams.processor.internals.StreamsPartitionAssignor - stream-thread [58e68455-f03e-47a8-8291-226286447814-71d84d7b-df82-43c0-a65d-44a394e0a64a-StreamThread-1-consumer] No followup rebalance was requested, resetting the rebalance schedule.
[58e68455-f03e-47a8-8291-226286447814-71d84d7b-df82-43c0-a65d-44a394e0a64a-StreamThread-1] INFO org.apache.kafka.streams.processor.internals.TaskManager - stream-thread [58e68455-f03e-47a8-8291-226286447814-71d84d7b-df82-43c0-a65d-44a394e0a64a-StreamThread-1] Handle new assignment with:
	New active tasks: [1_0, 0_0]
	New standby tasks: []
	Existing active tasks: []
	Existing standby tasks: []
[58e68455-f03e-47a8-8291-226286447814-71d84d7b-df82-43c0-a65d-44a394e0a64a-StreamThread-1] INFO org.apache.kafka.clients.consumer.internals.ConsumerCoordinator - [Consumer clientId=58e68455-f03e-47a8-8291-226286447814-71d84d7b-df82-43c0-a65d-44a394e0a64a-StreamThread-1-consumer, groupId=58e68455-f03e-47a8-8291-226286447814] Adding newly assigned partitions: 58e68455-f03e-47a8-8291-226286447814-KSTREAM-KEY-SELECT-0000000001-repartition-0, stocks-nrecords-25000000-0
[58e68455-f03e-47a8-8291-226286447814-71d84d7b-df82-43c0-a65d-44a394e0a64a-StreamThread-1] INFO org.apache.kafka.streams.processor.internals.StreamThread - stream-thread [58e68455-f03e-47a8-8291-226286447814-71d84d7b-df82-43c0-a65d-44a394e0a64a-StreamThread-1] State transition from STARTING to PARTITIONS_ASSIGNED
[58e68455-f03e-47a8-8291-226286447814-71d84d7b-df82-43c0-a65d-44a394e0a64a-StreamThread-1] INFO org.apache.kafka.clients.consumer.internals.ConsumerCoordinator - [Consumer clientId=58e68455-f03e-47a8-8291-226286447814-71d84d7b-df82-43c0-a65d-44a394e0a64a-StreamThread-1-consumer, groupId=58e68455-f03e-47a8-8291-226286447814] Request joining group due to: cached metadata has changed from (version3: {stocks-nrecords-25000000=1}) at the beginning of the rebalance to (version4: {stocks-nrecords-25000000=1, 58e68455-f03e-47a8-8291-226286447814-KSTREAM-KEY-SELECT-0000000001-repartition=1})
[58e68455-f03e-47a8-8291-226286447814-71d84d7b-df82-43c0-a65d-44a394e0a64a-StreamThread-1] INFO org.apache.kafka.clients.consumer.internals.ConsumerCoordinator - [Consumer clientId=58e68455-f03e-47a8-8291-226286447814-71d84d7b-df82-43c0-a65d-44a394e0a64a-StreamThread-1-consumer, groupId=58e68455-f03e-47a8-8291-226286447814] (Re-)joining group
[58e68455-f03e-47a8-8291-226286447814-71d84d7b-df82-43c0-a65d-44a394e0a64a-StreamThread-1] INFO org.apache.kafka.clients.consumer.internals.ConsumerCoordinator - [Consumer clientId=58e68455-f03e-47a8-8291-226286447814-71d84d7b-df82-43c0-a65d-44a394e0a64a-StreamThread-1-consumer, groupId=58e68455-f03e-47a8-8291-226286447814] Successfully joined group with generation Generation{generationId=2, memberId='58e68455-f03e-47a8-8291-226286447814-71d84d7b-df82-43c0-a65d-44a394e0a64a-StreamThread-1-consumer-00756e61-0643-46e0-8460-f376ba3a6c3e', protocol='stream'}
[58e68455-f03e-47a8-8291-226286447814-71d84d7b-df82-43c0-a65d-44a394e0a64a-StreamThread-1] INFO org.apache.kafka.streams.processor.internals.StreamsPartitionAssignor - stream-thread [58e68455-f03e-47a8-8291-226286447814-71d84d7b-df82-43c0-a65d-44a394e0a64a-StreamThread-1-consumer] All members participating in this rebalance: 
71d84d7b-df82-43c0-a65d-44a394e0a64a: [58e68455-f03e-47a8-8291-226286447814-71d84d7b-df82-43c0-a65d-44a394e0a64a-StreamThread-1-consumer-00756e61-0643-46e0-8460-f376ba3a6c3e].
[58e68455-f03e-47a8-8291-226286447814-71d84d7b-df82-43c0-a65d-44a394e0a64a-StreamThread-1] INFO org.apache.kafka.streams.processor.internals.assignment.HighAvailabilityTaskAssignor - Decided on assignment: {71d84d7b-df82-43c0-a65d-44a394e0a64a=[activeTasks: ([0_0, 1_0]) standbyTasks: ([]) prevActiveTasks: ([0_0, 1_0]) prevStandbyTasks: ([]) changelogOffsetTotalsByTask: ([]) taskLagTotals: ([1_0=0]) clientTags: ([]) capacity: 1 assigned: 2]} with no followup probing rebalance.
[58e68455-f03e-47a8-8291-226286447814-71d84d7b-df82-43c0-a65d-44a394e0a64a-StreamThread-1] INFO org.apache.kafka.streams.processor.internals.StreamsPartitionAssignor - stream-thread [58e68455-f03e-47a8-8291-226286447814-71d84d7b-df82-43c0-a65d-44a394e0a64a-StreamThread-1-consumer] Assigned tasks [1_0, 0_0] including stateful [1_0] to clients as: 
71d84d7b-df82-43c0-a65d-44a394e0a64a=[activeTasks: ([0_0, 1_0]) standbyTasks: ([])].
[58e68455-f03e-47a8-8291-226286447814-71d84d7b-df82-43c0-a65d-44a394e0a64a-StreamThread-1] INFO org.apache.kafka.streams.processor.internals.StreamsPartitionAssignor - stream-thread [58e68455-f03e-47a8-8291-226286447814-71d84d7b-df82-43c0-a65d-44a394e0a64a-StreamThread-1-consumer] Client 71d84d7b-df82-43c0-a65d-44a394e0a64a per-consumer assignment:
	prev owned active {58e68455-f03e-47a8-8291-226286447814-71d84d7b-df82-43c0-a65d-44a394e0a64a-StreamThread-1-consumer-00756e61-0643-46e0-8460-f376ba3a6c3e=[1_0, 0_0]}
	prev owned standby {58e68455-f03e-47a8-8291-226286447814-71d84d7b-df82-43c0-a65d-44a394e0a64a-StreamThread-1-consumer-00756e61-0643-46e0-8460-f376ba3a6c3e=[]}
	assigned active {58e68455-f03e-47a8-8291-226286447814-71d84d7b-df82-43c0-a65d-44a394e0a64a-StreamThread-1-consumer-00756e61-0643-46e0-8460-f376ba3a6c3e=[1_0, 0_0]}
	revoking active {}
	assigned standby {}

[58e68455-f03e-47a8-8291-226286447814-71d84d7b-df82-43c0-a65d-44a394e0a64a-StreamThread-1] INFO org.apache.kafka.streams.processor.internals.StreamsPartitionAssignor - stream-thread [58e68455-f03e-47a8-8291-226286447814-71d84d7b-df82-43c0-a65d-44a394e0a64a-StreamThread-1-consumer] Finished stable assignment of tasks, no followup rebalances required.
[58e68455-f03e-47a8-8291-226286447814-71d84d7b-df82-43c0-a65d-44a394e0a64a-StreamThread-1] INFO org.apache.kafka.clients.consumer.internals.ConsumerCoordinator - [Consumer clientId=58e68455-f03e-47a8-8291-226286447814-71d84d7b-df82-43c0-a65d-44a394e0a64a-StreamThread-1-consumer, groupId=58e68455-f03e-47a8-8291-226286447814] Finished assignment for group at generation 2: {58e68455-f03e-47a8-8291-226286447814-71d84d7b-df82-43c0-a65d-44a394e0a64a-StreamThread-1-consumer-00756e61-0643-46e0-8460-f376ba3a6c3e=Assignment(partitions=[58e68455-f03e-47a8-8291-226286447814-KSTREAM-KEY-SELECT-0000000001-repartition-0, stocks-nrecords-25000000-0], userDataSize=64)}
[58e68455-f03e-47a8-8291-226286447814-71d84d7b-df82-43c0-a65d-44a394e0a64a-StreamThread-1] INFO org.apache.kafka.clients.consumer.internals.ConsumerCoordinator - [Consumer clientId=58e68455-f03e-47a8-8291-226286447814-71d84d7b-df82-43c0-a65d-44a394e0a64a-StreamThread-1-consumer, groupId=58e68455-f03e-47a8-8291-226286447814] Successfully synced group in generation Generation{generationId=2, memberId='58e68455-f03e-47a8-8291-226286447814-71d84d7b-df82-43c0-a65d-44a394e0a64a-StreamThread-1-consumer-00756e61-0643-46e0-8460-f376ba3a6c3e', protocol='stream'}
[58e68455-f03e-47a8-8291-226286447814-71d84d7b-df82-43c0-a65d-44a394e0a64a-StreamThread-1] INFO org.apache.kafka.clients.consumer.internals.ConsumerCoordinator - [Consumer clientId=58e68455-f03e-47a8-8291-226286447814-71d84d7b-df82-43c0-a65d-44a394e0a64a-StreamThread-1-consumer, groupId=58e68455-f03e-47a8-8291-226286447814] Updating assignment with
	Assigned partitions:                       [58e68455-f03e-47a8-8291-226286447814-KSTREAM-KEY-SELECT-0000000001-repartition-0, stocks-nrecords-25000000-0]
	Current owned partitions:                  [58e68455-f03e-47a8-8291-226286447814-KSTREAM-KEY-SELECT-0000000001-repartition-0, stocks-nrecords-25000000-0]
	Added partitions (assigned - owned):       []
	Revoked partitions (owned - assigned):     []

[58e68455-f03e-47a8-8291-226286447814-71d84d7b-df82-43c0-a65d-44a394e0a64a-StreamThread-1] INFO org.apache.kafka.clients.consumer.internals.ConsumerCoordinator - [Consumer clientId=58e68455-f03e-47a8-8291-226286447814-71d84d7b-df82-43c0-a65d-44a394e0a64a-StreamThread-1-consumer, groupId=58e68455-f03e-47a8-8291-226286447814] Notifying assignor about the new Assignment(partitions=[58e68455-f03e-47a8-8291-226286447814-KSTREAM-KEY-SELECT-0000000001-repartition-0, stocks-nrecords-25000000-0], userDataSize=64)
[58e68455-f03e-47a8-8291-226286447814-71d84d7b-df82-43c0-a65d-44a394e0a64a-StreamThread-1] INFO org.apache.kafka.streams.processor.internals.StreamsPartitionAssignor - stream-thread [58e68455-f03e-47a8-8291-226286447814-71d84d7b-df82-43c0-a65d-44a394e0a64a-StreamThread-1-consumer] No followup rebalance was requested, resetting the rebalance schedule.
[58e68455-f03e-47a8-8291-226286447814-71d84d7b-df82-43c0-a65d-44a394e0a64a-StreamThread-1] INFO org.apache.kafka.streams.processor.internals.TaskManager - stream-thread [58e68455-f03e-47a8-8291-226286447814-71d84d7b-df82-43c0-a65d-44a394e0a64a-StreamThread-1] Handle new assignment with:
	New active tasks: [1_0, 0_0]
	New standby tasks: []
	Existing active tasks: [1_0, 0_0]
	Existing standby tasks: []
[58e68455-f03e-47a8-8291-226286447814-71d84d7b-df82-43c0-a65d-44a394e0a64a-StreamThread-1] INFO org.apache.kafka.clients.consumer.internals.ConsumerCoordinator - [Consumer clientId=58e68455-f03e-47a8-8291-226286447814-71d84d7b-df82-43c0-a65d-44a394e0a64a-StreamThread-1-consumer, groupId=58e68455-f03e-47a8-8291-226286447814] Adding newly assigned partitions: 
[58e68455-f03e-47a8-8291-226286447814-71d84d7b-df82-43c0-a65d-44a394e0a64a-StreamThread-1] INFO org.apache.kafka.streams.processor.internals.StreamThread - stream-thread [58e68455-f03e-47a8-8291-226286447814-71d84d7b-df82-43c0-a65d-44a394e0a64a-StreamThread-1] State transition from PARTITIONS_ASSIGNED to PARTITIONS_ASSIGNED
[58e68455-f03e-47a8-8291-226286447814-71d84d7b-df82-43c0-a65d-44a394e0a64a-StreamThread-1] INFO org.apache.kafka.clients.consumer.internals.ConsumerCoordinator - [Consumer clientId=58e68455-f03e-47a8-8291-226286447814-71d84d7b-df82-43c0-a65d-44a394e0a64a-StreamThread-1-consumer, groupId=58e68455-f03e-47a8-8291-226286447814] Found no committed offset for partition stocks-nrecords-25000000-0
[58e68455-f03e-47a8-8291-226286447814-71d84d7b-df82-43c0-a65d-44a394e0a64a-StreamThread-1] INFO org.apache.kafka.clients.consumer.internals.ConsumerCoordinator - [Consumer clientId=58e68455-f03e-47a8-8291-226286447814-71d84d7b-df82-43c0-a65d-44a394e0a64a-StreamThread-1-consumer, groupId=58e68455-f03e-47a8-8291-226286447814] Found no committed offset for partition 58e68455-f03e-47a8-8291-226286447814-KSTREAM-KEY-SELECT-0000000001-repartition-0
[58e68455-f03e-47a8-8291-226286447814-71d84d7b-df82-43c0-a65d-44a394e0a64a-StreamThread-1] INFO org.apache.kafka.streams.processor.internals.StreamThread - stream-thread [58e68455-f03e-47a8-8291-226286447814-71d84d7b-df82-43c0-a65d-44a394e0a64a-StreamThread-1] Setting topic 'stocks-nrecords-25000000' to consume from earliest offset
[58e68455-f03e-47a8-8291-226286447814-71d84d7b-df82-43c0-a65d-44a394e0a64a-StreamThread-1] INFO org.apache.kafka.streams.processor.internals.StreamThread - stream-thread [58e68455-f03e-47a8-8291-226286447814-71d84d7b-df82-43c0-a65d-44a394e0a64a-StreamThread-1] No custom setting defined for topic '58e68455-f03e-47a8-8291-226286447814-KSTREAM-KEY-SELECT-0000000001-repartition' using original config 'earliest' for offset reset
[58e68455-f03e-47a8-8291-226286447814-71d84d7b-df82-43c0-a65d-44a394e0a64a-StreamThread-1] INFO org.apache.kafka.clients.consumer.internals.SubscriptionState - [Consumer clientId=58e68455-f03e-47a8-8291-226286447814-71d84d7b-df82-43c0-a65d-44a394e0a64a-StreamThread-1-consumer, groupId=58e68455-f03e-47a8-8291-226286447814] Seeking to EARLIEST offset of partition stocks-nrecords-25000000-0
[58e68455-f03e-47a8-8291-226286447814-71d84d7b-df82-43c0-a65d-44a394e0a64a-StreamThread-1] INFO org.apache.kafka.clients.consumer.internals.SubscriptionState - [Consumer clientId=58e68455-f03e-47a8-8291-226286447814-71d84d7b-df82-43c0-a65d-44a394e0a64a-StreamThread-1-consumer, groupId=58e68455-f03e-47a8-8291-226286447814] Seeking to EARLIEST offset of partition 58e68455-f03e-47a8-8291-226286447814-KSTREAM-KEY-SELECT-0000000001-repartition-0
[58e68455-f03e-47a8-8291-226286447814-71d84d7b-df82-43c0-a65d-44a394e0a64a-StreamThread-1] INFO org.apache.kafka.streams.processor.internals.StreamTask - stream-thread [58e68455-f03e-47a8-8291-226286447814-71d84d7b-df82-43c0-a65d-44a394e0a64a-StreamThread-1] task [0_0] Initialized
[58e68455-f03e-47a8-8291-226286447814-71d84d7b-df82-43c0-a65d-44a394e0a64a-StreamThread-1] INFO org.apache.kafka.streams.processor.internals.ProcessorStateManager - stream-thread [58e68455-f03e-47a8-8291-226286447814-71d84d7b-df82-43c0-a65d-44a394e0a64a-StreamThread-1] task [1_0] Initializing to the starting offset for changelog 58e68455-f03e-47a8-8291-226286447814-join1-changelog-0 of in-memory state store join1
[58e68455-f03e-47a8-8291-226286447814-71d84d7b-df82-43c0-a65d-44a394e0a64a-StreamThread-1] INFO org.apache.kafka.streams.processor.internals.ProcessorStateManager - stream-thread [58e68455-f03e-47a8-8291-226286447814-71d84d7b-df82-43c0-a65d-44a394e0a64a-StreamThread-1] task [1_0] Initializing to the starting offset for changelog 58e68455-f03e-47a8-8291-226286447814-join2-changelog-0 of in-memory state store join2
[58e68455-f03e-47a8-8291-226286447814-71d84d7b-df82-43c0-a65d-44a394e0a64a-StreamThread-1] INFO org.apache.kafka.streams.processor.internals.ProcessorStateManager - stream-thread [58e68455-f03e-47a8-8291-226286447814-71d84d7b-df82-43c0-a65d-44a394e0a64a-StreamThread-1] task [1_0] State store KTABLE-TOPK-STORE-29c4ad44-c450-41ae-9622-21d079b46f24 is not logged and hence would not be restored
[58e68455-f03e-47a8-8291-226286447814-71d84d7b-df82-43c0-a65d-44a394e0a64a-StreamThread-1] INFO org.apache.kafka.streams.processor.internals.StreamTask - stream-thread [58e68455-f03e-47a8-8291-226286447814-71d84d7b-df82-43c0-a65d-44a394e0a64a-StreamThread-1] task [1_0] Initialized
[58e68455-f03e-47a8-8291-226286447814-71d84d7b-df82-43c0-a65d-44a394e0a64a-StreamThread-1] INFO org.apache.kafka.clients.consumer.internals.ConsumerCoordinator - [Consumer clientId=58e68455-f03e-47a8-8291-226286447814-71d84d7b-df82-43c0-a65d-44a394e0a64a-StreamThread-1-consumer, groupId=58e68455-f03e-47a8-8291-226286447814] Found no committed offset for partition stocks-nrecords-25000000-0
[58e68455-f03e-47a8-8291-226286447814-71d84d7b-df82-43c0-a65d-44a394e0a64a-StreamThread-1] INFO org.apache.kafka.streams.processor.internals.StreamTask - stream-thread [58e68455-f03e-47a8-8291-226286447814-71d84d7b-df82-43c0-a65d-44a394e0a64a-StreamThread-1] task [0_0] Restored and ready to run
[58e68455-f03e-47a8-8291-226286447814-71d84d7b-df82-43c0-a65d-44a394e0a64a-StreamThread-1] INFO org.apache.kafka.clients.consumer.KafkaConsumer - [Consumer clientId=58e68455-f03e-47a8-8291-226286447814-71d84d7b-df82-43c0-a65d-44a394e0a64a-StreamThread-1-restore-consumer, groupId=null] Subscribed to partition(s): 58e68455-f03e-47a8-8291-226286447814-join2-changelog-0, 58e68455-f03e-47a8-8291-226286447814-join1-changelog-0
[58e68455-f03e-47a8-8291-226286447814-71d84d7b-df82-43c0-a65d-44a394e0a64a-StreamThread-1] INFO org.apache.kafka.clients.consumer.internals.SubscriptionState - [Consumer clientId=58e68455-f03e-47a8-8291-226286447814-71d84d7b-df82-43c0-a65d-44a394e0a64a-StreamThread-1-restore-consumer, groupId=null] Seeking to EARLIEST offset of partition 58e68455-f03e-47a8-8291-226286447814-join2-changelog-0
[58e68455-f03e-47a8-8291-226286447814-71d84d7b-df82-43c0-a65d-44a394e0a64a-StreamThread-1] INFO org.apache.kafka.clients.consumer.internals.SubscriptionState - [Consumer clientId=58e68455-f03e-47a8-8291-226286447814-71d84d7b-df82-43c0-a65d-44a394e0a64a-StreamThread-1-restore-consumer, groupId=null] Seeking to EARLIEST offset of partition 58e68455-f03e-47a8-8291-226286447814-join1-changelog-0
[58e68455-f03e-47a8-8291-226286447814-71d84d7b-df82-43c0-a65d-44a394e0a64a-StreamThread-1] INFO org.apache.kafka.clients.Metadata - [Consumer clientId=58e68455-f03e-47a8-8291-226286447814-71d84d7b-df82-43c0-a65d-44a394e0a64a-StreamThread-1-restore-consumer, groupId=null] Resetting the last seen epoch of partition 58e68455-f03e-47a8-8291-226286447814-join1-changelog-0 to 0 since the associated topicId changed from null to 1mD93OiJSmGIqIAQwuF0rA
[58e68455-f03e-47a8-8291-226286447814-71d84d7b-df82-43c0-a65d-44a394e0a64a-StreamThread-1] INFO org.apache.kafka.clients.Metadata - [Consumer clientId=58e68455-f03e-47a8-8291-226286447814-71d84d7b-df82-43c0-a65d-44a394e0a64a-StreamThread-1-restore-consumer, groupId=null] Resetting the last seen epoch of partition 58e68455-f03e-47a8-8291-226286447814-join2-changelog-0 to 0 since the associated topicId changed from null to 0GUxrCOrRUKBx0BBJ8Y4xQ
[58e68455-f03e-47a8-8291-226286447814-71d84d7b-df82-43c0-a65d-44a394e0a64a-StreamThread-1] INFO org.apache.kafka.clients.Metadata - [Consumer clientId=58e68455-f03e-47a8-8291-226286447814-71d84d7b-df82-43c0-a65d-44a394e0a64a-StreamThread-1-restore-consumer, groupId=null] Cluster ID: -frP_4XCSb-IYYbbGXRghg
[58e68455-f03e-47a8-8291-226286447814-71d84d7b-df82-43c0-a65d-44a394e0a64a-StreamThread-1] INFO org.apache.kafka.clients.consumer.internals.SubscriptionState - [Consumer clientId=58e68455-f03e-47a8-8291-226286447814-71d84d7b-df82-43c0-a65d-44a394e0a64a-StreamThread-1-restore-consumer, groupId=null] Resetting offset for partition 58e68455-f03e-47a8-8291-226286447814-join2-changelog-0 to position FetchPosition{offset=0, offsetEpoch=Optional.empty, currentLeader=LeaderAndEpoch{leader=Optional[127.0.0.1:9092 (id: 0 rack: null)], epoch=0}}.
[58e68455-f03e-47a8-8291-226286447814-71d84d7b-df82-43c0-a65d-44a394e0a64a-StreamThread-1] INFO org.apache.kafka.clients.consumer.internals.SubscriptionState - [Consumer clientId=58e68455-f03e-47a8-8291-226286447814-71d84d7b-df82-43c0-a65d-44a394e0a64a-StreamThread-1-restore-consumer, groupId=null] Resetting offset for partition 58e68455-f03e-47a8-8291-226286447814-join1-changelog-0 to position FetchPosition{offset=0, offsetEpoch=Optional.empty, currentLeader=LeaderAndEpoch{leader=Optional[127.0.0.1:9092 (id: 0 rack: null)], epoch=0}}.
[58e68455-f03e-47a8-8291-226286447814-71d84d7b-df82-43c0-a65d-44a394e0a64a-StreamThread-1] INFO org.apache.kafka.streams.processor.internals.StoreChangelogReader - stream-thread [58e68455-f03e-47a8-8291-226286447814-71d84d7b-df82-43c0-a65d-44a394e0a64a-StreamThread-1] Finished restoring changelog 58e68455-f03e-47a8-8291-226286447814-join2-changelog-0 to store join2 with a total number of 0 records
[58e68455-f03e-47a8-8291-226286447814-71d84d7b-df82-43c0-a65d-44a394e0a64a-StreamThread-1] INFO org.apache.kafka.streams.processor.internals.StoreChangelogReader - stream-thread [58e68455-f03e-47a8-8291-226286447814-71d84d7b-df82-43c0-a65d-44a394e0a64a-StreamThread-1] Finished restoring changelog 58e68455-f03e-47a8-8291-226286447814-join1-changelog-0 to store join1 with a total number of 0 records
[58e68455-f03e-47a8-8291-226286447814-71d84d7b-df82-43c0-a65d-44a394e0a64a-StreamThread-1] INFO org.apache.kafka.clients.consumer.internals.SubscriptionState - [Consumer clientId=58e68455-f03e-47a8-8291-226286447814-71d84d7b-df82-43c0-a65d-44a394e0a64a-StreamThread-1-consumer, groupId=58e68455-f03e-47a8-8291-226286447814] Resetting offset for partition stocks-nrecords-25000000-0 to position FetchPosition{offset=0, offsetEpoch=Optional.empty, currentLeader=LeaderAndEpoch{leader=Optional[127.0.0.1:9092 (id: 0 rack: null)], epoch=0}}.
[58e68455-f03e-47a8-8291-226286447814-71d84d7b-df82-43c0-a65d-44a394e0a64a-StreamThread-1] INFO org.apache.kafka.clients.consumer.internals.SubscriptionState - [Consumer clientId=58e68455-f03e-47a8-8291-226286447814-71d84d7b-df82-43c0-a65d-44a394e0a64a-StreamThread-1-consumer, groupId=58e68455-f03e-47a8-8291-226286447814] Resetting offset for partition 58e68455-f03e-47a8-8291-226286447814-KSTREAM-KEY-SELECT-0000000001-repartition-0 to position FetchPosition{offset=0, offsetEpoch=Optional.empty, currentLeader=LeaderAndEpoch{leader=Optional[127.0.0.1:9092 (id: 0 rack: null)], epoch=0}}.
[58e68455-f03e-47a8-8291-226286447814-71d84d7b-df82-43c0-a65d-44a394e0a64a-StreamThread-1] INFO org.apache.kafka.clients.consumer.internals.ConsumerCoordinator - [Consumer clientId=58e68455-f03e-47a8-8291-226286447814-71d84d7b-df82-43c0-a65d-44a394e0a64a-StreamThread-1-consumer, groupId=58e68455-f03e-47a8-8291-226286447814] Found no committed offset for partition 58e68455-f03e-47a8-8291-226286447814-KSTREAM-KEY-SELECT-0000000001-repartition-0
[58e68455-f03e-47a8-8291-226286447814-71d84d7b-df82-43c0-a65d-44a394e0a64a-StreamThread-1] INFO org.apache.kafka.streams.processor.internals.StreamTask - stream-thread [58e68455-f03e-47a8-8291-226286447814-71d84d7b-df82-43c0-a65d-44a394e0a64a-StreamThread-1] task [1_0] Restored and ready to run
[58e68455-f03e-47a8-8291-226286447814-71d84d7b-df82-43c0-a65d-44a394e0a64a-StreamThread-1] INFO org.apache.kafka.streams.processor.internals.StreamThread - stream-thread [58e68455-f03e-47a8-8291-226286447814-71d84d7b-df82-43c0-a65d-44a394e0a64a-StreamThread-1] Restoration took 128 ms for all tasks [0_0, 1_0]
[58e68455-f03e-47a8-8291-226286447814-71d84d7b-df82-43c0-a65d-44a394e0a64a-StreamThread-1] INFO org.apache.kafka.streams.processor.internals.StreamThread - stream-thread [58e68455-f03e-47a8-8291-226286447814-71d84d7b-df82-43c0-a65d-44a394e0a64a-StreamThread-1] State transition from PARTITIONS_ASSIGNED to RUNNING
[58e68455-f03e-47a8-8291-226286447814-71d84d7b-df82-43c0-a65d-44a394e0a64a-StreamThread-1] INFO org.apache.kafka.streams.KafkaStreams - stream-client [58e68455-f03e-47a8-8291-226286447814-71d84d7b-df82-43c0-a65d-44a394e0a64a] State transition from REBALANCING to RUNNING
[58e68455-f03e-47a8-8291-226286447814-71d84d7b-df82-43c0-a65d-44a394e0a64a-StreamThread-1] INFO org.apache.kafka.clients.consumer.KafkaConsumer - [Consumer clientId=58e68455-f03e-47a8-8291-226286447814-71d84d7b-df82-43c0-a65d-44a394e0a64a-StreamThread-1-consumer, groupId=58e68455-f03e-47a8-8291-226286447814] Requesting the log end offset for stocks-nrecords-25000000-0 in order to compute lag
[58e68455-f03e-47a8-8291-226286447814-71d84d7b-df82-43c0-a65d-44a394e0a64a-StreamThread-1] INFO org.apache.kafka.clients.consumer.KafkaConsumer - [Consumer clientId=58e68455-f03e-47a8-8291-226286447814-71d84d7b-df82-43c0-a65d-44a394e0a64a-StreamThread-1-consumer, groupId=58e68455-f03e-47a8-8291-226286447814] Requesting the log end offset for 58e68455-f03e-47a8-8291-226286447814-KSTREAM-KEY-SELECT-0000000001-repartition-0 in order to compute lag
[kafka-producer-network-thread | 58e68455-f03e-47a8-8291-226286447814-71d84d7b-df82-43c0-a65d-44a394e0a64a-StreamThread-1-producer] INFO org.apache.kafka.clients.Metadata - [Producer clientId=58e68455-f03e-47a8-8291-226286447814-71d84d7b-df82-43c0-a65d-44a394e0a64a-StreamThread-1-producer] Resetting the last seen epoch of partition 58e68455-f03e-47a8-8291-226286447814-KSTREAM-KEY-SELECT-0000000001-repartition-0 to 0 since the associated topicId changed from null to Bp8AsbSmTJCBqAVtHjtnLw
[kafka-producer-network-thread | 58e68455-f03e-47a8-8291-226286447814-71d84d7b-df82-43c0-a65d-44a394e0a64a-StreamThread-1-producer] INFO org.apache.kafka.clients.Metadata - [Producer clientId=58e68455-f03e-47a8-8291-226286447814-71d84d7b-df82-43c0-a65d-44a394e0a64a-StreamThread-1-producer] Resetting the last seen epoch of partition 58e68455-f03e-47a8-8291-226286447814-join1-changelog-0 to 0 since the associated topicId changed from null to 1mD93OiJSmGIqIAQwuF0rA
[kafka-producer-network-thread | 58e68455-f03e-47a8-8291-226286447814-71d84d7b-df82-43c0-a65d-44a394e0a64a-StreamThread-1-producer] INFO org.apache.kafka.clients.Metadata - [Producer clientId=58e68455-f03e-47a8-8291-226286447814-71d84d7b-df82-43c0-a65d-44a394e0a64a-StreamThread-1-producer] Resetting the last seen epoch of partition 58e68455-f03e-47a8-8291-226286447814-join2-changelog-0 to 0 since the associated topicId changed from null to 0GUxrCOrRUKBx0BBJ8Y4xQ
[58e68455-f03e-47a8-8291-226286447814-71d84d7b-df82-43c0-a65d-44a394e0a64a-StreamThread-1] INFO org.apache.kafka.streams.KafkaStreams - stream-client [58e68455-f03e-47a8-8291-226286447814-71d84d7b-df82-43c0-a65d-44a394e0a64a] State transition from RUNNING to PENDING_SHUTDOWN
